#
# There is insufficient memory for the Java Runtime Environment to continue.
# Native memory allocation (mmap) failed to map 466616320 bytes for committing reserved memory.
# Possible reasons:
#   The system is out of physical RAM or swap space
#   The process is running with CompressedOops enabled, and the Java Heap may be blocking the growth of the native heap
# Possible solutions:
#   Reduce memory load on the system
#   Increase physical memory or swap space
#   Check if swap backing store is full
#   Decrease Java heap size (-Xmx/-Xms)
#   Decrease number of Java threads
#   Decrease Java thread stack sizes (-Xss)
#   Set larger code cache with -XX:ReservedCodeCacheSize=
#   JVM is running with Unscaled Compressed Oops mode in which the Java heap is
#     placed in the first 4GB address space. The Java Heap base address is the
#     maximum limit for the native heap growth. Please use -XX:HeapBaseMinAddress
#     to set the Java Heap base and to place the Java Heap above 4GB virtual address.
# This output file may be truncated or incomplete.
#
#  Out of Memory Error (os_linux.cpp:2706), pid=17346, tid=17376
#
# JRE version: OpenJDK Runtime Environment (10.0.2+13) (build 10.0.2+13-Ubuntu-1ubuntu0.18.04.1)
# Java VM: OpenJDK 64-Bit Server VM (10.0.2+13-Ubuntu-1ubuntu0.18.04.1, mixed mode, tiered, compressed oops, g1 gc, linux-amd64)
# Core dump will be written. Default location: Core dumps may be processed with "/usr/share/apport/apport %p %s %c %d %P" (or dumping to /home/alex/Documents/Java_Projects/CoolChat/Server/core.17346)
#

---------------  S U M M A R Y ------------

Command Line: -javaagent:/home/alex/Programs/idea-IU-182.4129.33/lib/idea_rt.jar=44759:/home/alex/Programs/idea-IU-182.4129.33/bin -Dfile.encoding=UTF-8 men.brakh.Server

Host: Intel(R) Core(TM) i5-6200U CPU @ 2.30GHz, 4 cores, 7G, Ubuntu 18.04.1 LTS
Time: Sun Sep  9 18:12:15 2018 MSK elapsed time: 1288 seconds (0d 0h 21m 28s)

---------------  T H R E A D  ---------------

Current thread (0x00007f4298150000):  VMThread "VM Thread" [stack: 0x00007f427c27b000,0x00007f427c37b000] [id=17376]

Stack: [0x00007f427c27b000,0x00007f427c37b000],  sp=0x00007f427c3790a0,  free space=1016k
Native frames: (J=compiled Java code, A=aot compiled Java code, j=interpreted, Vv=VM code, C=native code)
V  [libjvm.so+0xd27e04]
V  [libjvm.so+0xd289ab]
V  [libjvm.so+0x64d415]
V  [libjvm.so+0xb2d728]
V  [libjvm.so+0xb25f7d]
V  [libjvm.so+0x7662ff]
V  [libjvm.so+0x76653e]
V  [libjvm.so+0x769500]
V  [libjvm.so+0x7efa1c]
V  [libjvm.so+0x7f06df]
V  [libjvm.so+0x7f0b59]
V  [libjvm.so+0x7162cf]
V  [libjvm.so+0x71a3ba]
V  [libjvm.so+0xd39f68]
V  [libjvm.so+0xd387d1]
V  [libjvm.so+0xd35a9b]
V  [libjvm.so+0xd370be]
V  [libjvm.so+0xd374e8]
V  [libjvm.so+0xb33ca0]

VM_Operation (0x00007f42606f9780): G1IncCollectionPause, mode: safepoint, requested by thread 0x00007f4298284800


---------------  P R O C E S S  ---------------

Threads class SMR info:
_java_thread_list=0x00007f4210000f70, length=15, elements={
0x00007f4298012800, 0x00007f429815a000, 0x00007f429815c000, 0x00007f429816e800,
0x00007f4298170800, 0x00007f4298172800, 0x00007f4298174800, 0x00007f4298176000,
0x00007f42981f7000, 0x00007f4298261000, 0x00007f4298262000, 0x00007f4210001800,
0x00007f4298284800, 0x00007f4298180800, 0x00007f4298283800
}

Java Threads: ( => current thread )
  0x00007f4298012800 JavaThread "main" [_thread_in_native, id=17351, stack(0x00007f429f00a000,0x00007f429f10b000)]
  0x00007f429815a000 JavaThread "Reference Handler" daemon [_thread_blocked, id=17377, stack(0x00007f427c178000,0x00007f427c279000)]
  0x00007f429815c000 JavaThread "Finalizer" daemon [_thread_blocked, id=17378, stack(0x00007f427c077000,0x00007f427c178000)]
  0x00007f429816e800 JavaThread "Signal Dispatcher" daemon [_thread_blocked, id=17381, stack(0x00007f426c16f000,0x00007f426c270000)]
  0x00007f4298170800 JavaThread "C2 CompilerThread0" daemon [_thread_blocked, id=17382, stack(0x00007f426c06e000,0x00007f426c16f000)]
  0x00007f4298172800 JavaThread "C2 CompilerThread1" daemon [_thread_blocked, id=17383, stack(0x00007f4261530000,0x00007f4261631000)]
  0x00007f4298174800 JavaThread "C1 CompilerThread2" daemon [_thread_blocked, id=17385, stack(0x00007f426142f000,0x00007f4261530000)]
  0x00007f4298176000 JavaThread "Sweeper thread" daemon [_thread_blocked, id=17386, stack(0x00007f426132e000,0x00007f426142f000)]
  0x00007f42981f7000 JavaThread "Common-Cleaner" daemon [_thread_blocked, id=17387, stack(0x00007f426122d000,0x00007f426132e000)]
  0x00007f4298261000 JavaThread "Monitor Ctrl-Break" daemon [_thread_in_native, id=17388, stack(0x00007f4260d02000,0x00007f4260e03000)]
  0x00007f4298262000 JavaThread "Service Thread" daemon [_thread_blocked, id=17389, stack(0x00007f4260c01000,0x00007f4260d02000)]
  0x00007f4210001800 JavaThread "Timer-0" [_thread_blocked, id=17392, stack(0x00007f42606fb000,0x00007f42607fc000)]
  0x00007f4298284800 JavaThread "Thread-3" [_thread_blocked, id=17634, stack(0x00007f42605fa000,0x00007f42606fb000)]
  0x00007f4298180800 JavaThread "Thread-4" [_thread_in_native, id=17705, stack(0x00007f42604f9000,0x00007f42605fa000)]
  0x00007f4298283800 JavaThread "Thread-5" [_thread_in_native, id=18411, stack(0x00007f42607fc000,0x00007f42608fd000)]

Other Threads:
=>0x00007f4298150000 VMThread "VM Thread" [stack: 0x00007f427c27b000,0x00007f427c37b000] [id=17376]
  0x00007f4298264800 WatcherThread [stack: 0x00007f4260b01000,0x00007f4260c01000] [id=17390]
  0x00007f4298029000 GCTaskThread "GC Thread#0" [stack: 0x00007f427e9f5000,0x00007f427eaf5000] [id=17356]
  0x00007f429802a800 GCTaskThread "GC Thread#1" [stack: 0x00007f427e8f3000,0x00007f427e9f3000] [id=17358]
  0x00007f429802c800 GCTaskThread "GC Thread#2" [stack: 0x00007f427e7f1000,0x00007f427e8f1000] [id=17359]
  0x00007f429802e000 GCTaskThread "GC Thread#3" [stack: 0x00007f427e6ef000,0x00007f427e7ef000] [id=17360]
  0x00007f4298057800 ConcurrentGCThread "G1 Main Marker" [stack: 0x00007f427d65e000,0x00007f427d75e000] [id=17362]
  0x00007f4298059000 ConcurrentGCThread "G1 Conc#0" [stack: 0x00007f427d55c000,0x00007f427d65c000] [id=17363]
  0x00007f42980c1000 ConcurrentGCThread "G1 Refine#0" [stack: 0x00007f427d056000,0x00007f427d156000] [id=17364]
  0x00007f42980c3000 ConcurrentGCThread "G1 Refine#1" [stack: 0x00007f427cf54000,0x00007f427d054000] [id=17365]
  0x00007f42980c4800 ConcurrentGCThread "G1 Refine#2" [stack: 0x00007f427ce52000,0x00007f427cf52000] [id=17366]
  0x00007f42980c6800 ConcurrentGCThread "G1 Refine#3" [stack: 0x00007f427cd50000,0x00007f427ce50000] [id=17368]
  0x00007f42980c8000 ConcurrentGCThread "G1 Young RemSet Sampling" [stack: 0x00007f427cc4e000,0x00007f427cd4e000] [id=17370]

Threads with active compile tasks:

VM state:at safepoint (normal execution)

VM Mutex/Monitor currently owned by a thread:  ([mutex/lock_event])
[0x00007f429800ef50] Threads_lock - owner thread: 0x00007f4298150000
[0x00007f429800f4f0] Heap_lock - owner thread: 0x00007f4298284800

Heap address: 0x0000000084e00000, size: 1970 MB, Compressed Oops mode: 32-bit
Narrow klass base: 0x0000000000000000, Narrow klass shift: 3
Compressed class space size: 1073741824 Address: 0x0000000100000000

Heap:
 garbage-first heap   total 726016K, used 1355K [0x0000000084e00000, 0x0000000100000000)
  region size 1024K, 0 young (0K), 0 survivors (0K)
 Metaspace       used 8821K, capacity 8984K, committed 9088K, reserved 1056768K
  class space    used 759K, capacity 797K, committed 896K, reserved 1048576K
Heap Regions: E=young(eden), S=young(survivor), O=old, HS=humongous(starts), HC=humongous(continues), CS=collection set, F=free, A=archive, TS=gc time stamp, AC=allocation context, TAMS=top-at-mark-start (previous, next)
|   0|0x0000000084e00000, 0x0000000084f00000, 0x0000000084f00000|100%| O|  |TS 16|AC  0|TAMS 0x0000000084e00000, 0x0000000084e00000|
|   1|0x0000000084f00000, 0x0000000084f52e00, 0x0000000085000000| 32%| O|  |TS 24|AC  0|TAMS 0x0000000084f00000, 0x0000000084f00000|
|   2|0x0000000085000000, 0x0000000085000000, 0x0000000085100000|  0%| F|  |TS  0|AC  0|TAMS 0x0000000085000000, 0x0000000085000000|
|   3|0x0000000085100000, 0x0000000085100000, 0x0000000085200000|  0%| F|  |TS  0|AC  0|TAMS 0x0000000085100000, 0x0000000085100000|
|   4|0x0000000085200000, 0x0000000085200000, 0x0000000085300000|  0%| F|  |TS  0|AC  0|TAMS 0x0000000085200000, 0x0000000085200000|
|   5|0x0000000085300000, 0x0000000085300000, 0x0000000085400000|  0%| F|  |TS  0|AC  0|TAMS 0x0000000085300000, 0x0000000085300000|
|   6|0x0000000085400000, 0x0000000085400000, 0x0000000085500000|  0%| F|  |TS  0|AC  0|TAMS 0x0000000085400000, 0x0000000085400000|
|   7|0x0000000085500000, 0x0000000085500000, 0x0000000085600000|  0%| F|  |TS  0|AC  0|TAMS 0x0000000085500000, 0x0000000085500000|
|   8|0x0000000085600000, 0x0000000085600000, 0x0000000085700000|  0%| F|  |TS  0|AC  0|TAMS 0x0000000085600000, 0x0000000085600000|
|   9|0x0000000085700000, 0x0000000085700000, 0x0000000085800000|  0%| F|  |TS  0|AC  0|TAMS 0x0000000085700000, 0x0000000085700000|
|  10|0x0000000085800000, 0x0000000085800000, 0x0000000085900000|  0%| F|  |TS  0|AC  0|TAMS 0x0000000085800000, 0x0000000085800000|
|  11|0x0000000085900000, 0x0000000085900000, 0x0000000085a00000|  0%| F|  |TS  0|AC  0|TAMS 0x0000000085900000, 0x0000000085900000|
|  12|0x0000000085a00000, 0x0000000085a00000, 0x0000000085b00000|  0%| F|  |TS  0|AC  0|TAMS 0x0000000085a00000, 0x0000000085a00000|
|  13|0x0000000085b00000, 0x0000000085b00000, 0x0000000085c00000|  0%| F|  |TS  0|AC  0|TAMS 0x0000000085b00000, 0x0000000085b00000|
|  14|0x0000000085c00000, 0x0000000085c00000, 0x0000000085d00000|  0%| F|  |TS  0|AC  0|TAMS 0x0000000085c00000, 0x0000000085c00000|
|  15|0x0000000085d00000, 0x0000000085d00000, 0x0000000085e00000|  0%| F|  |TS  0|AC  0|TAMS 0x0000000085d00000, 0x0000000085d00000|
|  16|0x0000000085e00000, 0x0000000085e00000, 0x0000000085f00000|  0%| F|  |TS  0|AC  0|TAMS 0x0000000085e00000, 0x0000000085e00000|
|  17|0x0000000085f00000, 0x0000000085f00000, 0x0000000086000000|  0%| F|  |TS  0|AC  0|TAMS 0x0000000085f00000, 0x0000000085f00000|
|  18|0x0000000086000000, 0x0000000086000000, 0x0000000086100000|  0%| F|  |TS  0|AC  0|TAMS 0x0000000086000000, 0x0000000086000000|
|  19|0x0000000086100000, 0x0000000086100000, 0x0000000086200000|  0%| F|  |TS  0|AC  0|TAMS 0x0000000086100000, 0x0000000086100000|
|  20|0x0000000086200000, 0x0000000086200000, 0x0000000086300000|  0%| F|  |TS  0|AC  0|TAMS 0x0000000086200000, 0x0000000086200000|
|  21|0x0000000086300000, 0x0000000086300000, 0x0000000086400000|  0%| F|  |TS  0|AC  0|TAMS 0x0000000086300000, 0x0000000086300000|
|  22|0x0000000086400000, 0x0000000086400000, 0x0000000086500000|  0%| F|  |TS  0|AC  0|TAMS 0x0000000086400000, 0x0000000086400000|
|  23|0x0000000086500000, 0x0000000086500000, 0x0000000086600000|  0%| F|  |TS  0|AC  0|TAMS 0x0000000086500000, 0x0000000086500000|
|  24|0x0000000086600000, 0x0000000086600000, 0x0000000086700000|  0%| F|  |TS  0|AC  0|TAMS 0x0000000086600000, 0x0000000086600000|
|  25|0x0000000086700000, 0x0000000086700000, 0x0000000086800000|  0%| F|  |TS  0|AC  0|TAMS 0x0000000086700000, 0x0000000086700000|
|  26|0x0000000086800000, 0x0000000086800000, 0x0000000086900000|  0%| F|  |TS  0|AC  0|TAMS 0x0000000086800000, 0x0000000086800000|
|  27|0x0000000086900000, 0x0000000086900000, 0x0000000086a00000|  0%| F|  |TS  0|AC  0|TAMS 0x0000000086900000, 0x0000000086900000|
|  28|0x0000000086a00000, 0x0000000086a00000, 0x0000000086b00000|  0%| F|  |TS  0|AC  0|TAMS 0x0000000086a00000, 0x0000000086a00000|
|  29|0x0000000086b00000, 0x0000000086b00000, 0x0000000086c00000|  0%| F|  |TS  0|AC  0|TAMS 0x0000000086b00000, 0x0000000086b00000|
|  30|0x0000000086c00000, 0x0000000086c00000, 0x0000000086d00000|  0%| F|  |TS  0|AC  0|TAMS 0x0000000086c00000, 0x0000000086c00000|
|  31|0x0000000086d00000, 0x0000000086d00000, 0x0000000086e00000|  0%| F|  |TS  0|AC  0|TAMS 0x0000000086d00000, 0x0000000086d00000|
|  32|0x0000000086e00000, 0x0000000086e00000, 0x0000000086f00000|  0%| F|  |TS  0|AC  0|TAMS 0x0000000086e00000, 0x0000000086e00000|
|  33|0x0000000086f00000, 0x0000000086f00000, 0x0000000087000000|  0%| F|  |TS  0|AC  0|TAMS 0x0000000086f00000, 0x0000000086f00000|
|  34|0x0000000087000000, 0x0000000087000000, 0x0000000087100000|  0%| F|  |TS  0|AC  0|TAMS 0x0000000087000000, 0x0000000087000000|
|  35|0x0000000087100000, 0x0000000087100000, 0x0000000087200000|  0%| F|  |TS  0|AC  0|TAMS 0x0000000087100000, 0x0000000087100000|
|  36|0x0000000087200000, 0x0000000087200000, 0x0000000087300000|  0%| F|  |TS  0|AC  0|TAMS 0x0000000087200000, 0x0000000087200000|
|  37|0x0000000087300000, 0x0000000087300000, 0x0000000087400000|  0%| F|  |TS  0|AC  0|TAMS 0x0000000087300000, 0x0000000087300000|
|  38|0x0000000087400000, 0x0000000087400000, 0x0000000087500000|  0%| F|  |TS  0|AC  0|TAMS 0x0000000087400000, 0x0000000087400000|
|  39|0x0000000087500000, 0x0000000087500000, 0x0000000087600000|  0%| F|  |TS  0|AC  0|TAMS 0x0000000087500000, 0x0000000087500000|
|  40|0x0000000087600000, 0x0000000087600000, 0x0000000087700000|  0%| F|  |TS  0|AC  0|TAMS 0x0000000087600000, 0x0000000087600000|
|  41|0x0000000087700000, 0x0000000087700000, 0x0000000087800000|  0%| F|  |TS  0|AC  0|TAMS 0x0000000087700000, 0x0000000087700000|
|  42|0x0000000087800000, 0x0000000087800000, 0x0000000087900000|  0%| F|  |TS  0|AC  0|TAMS 0x0000000087800000, 0x0000000087800000|
|  43|0x0000000087900000, 0x0000000087900000, 0x0000000087a00000|  0%| F|  |TS  0|AC  0|TAMS 0x0000000087900000, 0x0000000087900000|
|  44|0x0000000087a00000, 0x0000000087a00000, 0x0000000087b00000|  0%| F|  |TS  0|AC  0|TAMS 0x0000000087a00000, 0x0000000087a00000|
|  45|0x0000000087b00000, 0x0000000087b00000, 0x0000000087c00000|  0%| F|  |TS  0|AC  0|TAMS 0x0000000087b00000, 0x0000000087b00000|
|  46|0x0000000087c00000, 0x0000000087c00000, 0x0000000087d00000|  0%| F|  |TS  0|AC  0|TAMS 0x0000000087c00000, 0x0000000087c00000|
|  47|0x0000000087d00000, 0x0000000087d00000, 0x0000000087e00000|  0%| F|  |TS  0|AC  0|TAMS 0x0000000087d00000, 0x0000000087d00000|
|  48|0x0000000087e00000, 0x0000000087e00000, 0x0000000087f00000|  0%| F|  |TS 15|AC  0|TAMS 0x0000000087e00000, 0x0000000087e00000|
|  49|0x0000000087f00000, 0x0000000087f00000, 0x0000000088000000|  0%| F|  |TS 15|AC  0|TAMS 0x0000000087f00000, 0x0000000087f00000|
|  50|0x0000000088000000, 0x0000000088000000, 0x0000000088100000|  0%| F|  |TS 16|AC  0|TAMS 0x0000000088000000, 0x0000000088000000|
|  51|0x0000000088100000, 0x0000000088100000, 0x0000000088200000|  0%| F|  |TS 16|AC  0|TAMS 0x0000000088100000, 0x0000000088100000|
|  52|0x0000000088200000, 0x0000000088200000, 0x0000000088300000|  0%| F|  |TS 15|AC  0|TAMS 0x0000000088200000, 0x0000000088200000|
|  53|0x0000000088300000, 0x0000000088300000, 0x0000000088400000|  0%| F|  |TS 15|AC  0|TAMS 0x0000000088300000, 0x0000000088300000|
|  54|0x0000000088400000, 0x0000000088400000, 0x0000000088500000|  0%| F|  |TS 15|AC  0|TAMS 0x0000000088400000, 0x0000000088400000|
|  55|0x0000000088500000, 0x0000000088500000, 0x0000000088600000|  0%| F|  |TS 15|AC  0|TAMS 0x0000000088500000, 0x0000000088500000|
|  56|0x0000000088600000, 0x0000000088600000, 0x0000000088700000|  0%| F|  |TS 15|AC  0|TAMS 0x0000000088600000, 0x0000000088600000|
|  57|0x0000000088700000, 0x0000000088700000, 0x0000000088800000|  0%| F|  |TS 15|AC  0|TAMS 0x0000000088700000, 0x0000000088700000|
|  58|0x0000000088800000, 0x0000000088800000, 0x0000000088900000|  0%| F|  |TS 15|AC  0|TAMS 0x0000000088800000, 0x0000000088800000|
|  59|0x0000000088900000, 0x0000000088900000, 0x0000000088a00000|  0%| F|  |TS 15|AC  0|TAMS 0x0000000088900000, 0x0000000088900000|
|  60|0x0000000088a00000, 0x0000000088a00000, 0x0000000088b00000|  0%| F|  |TS 15|AC  0|TAMS 0x0000000088a00000, 0x0000000088a00000|
|  61|0x0000000088b00000, 0x0000000088b00000, 0x0000000088c00000|  0%| F|  |TS 15|AC  0|TAMS 0x0000000088b00000, 0x0000000088b00000|
|  62|0x0000000088c00000, 0x0000000088c00000, 0x0000000088d00000|  0%| F|  |TS 15|AC  0|TAMS 0x0000000088c00000, 0x0000000088c00000|
|  63|0x0000000088d00000, 0x0000000088d00000, 0x0000000088e00000|  0%| F|  |TS 15|AC  0|TAMS 0x0000000088d00000, 0x0000000088d00000|
|  64|0x0000000088e00000, 0x0000000088e00000, 0x0000000088f00000|  0%| F|  |TS 15|AC  0|TAMS 0x0000000088e00000, 0x0000000088e00000|
|  65|0x0000000088f00000, 0x0000000088f00000, 0x0000000089000000|  0%| F|  |TS 15|AC  0|TAMS 0x0000000088f00000, 0x0000000088f00000|
|  66|0x0000000089000000, 0x0000000089000000, 0x0000000089100000|  0%| F|  |TS 15|AC  0|TAMS 0x0000000089000000, 0x0000000089000000|
|  67|0x0000000089100000, 0x0000000089100000, 0x0000000089200000|  0%| F|  |TS 15|AC  0|TAMS 0x0000000089100000, 0x0000000089100000|
|  68|0x0000000089200000, 0x0000000089200000, 0x0000000089300000|  0%| F|  |TS 15|AC  0|TAMS 0x0000000089200000, 0x0000000089200000|
|  69|0x0000000089300000, 0x0000000089300000, 0x0000000089400000|  0%| F|  |TS 15|AC  0|TAMS 0x0000000089300000, 0x0000000089300000|
|  70|0x0000000089400000, 0x0000000089400000, 0x0000000089500000|  0%| F|  |TS 15|AC  0|TAMS 0x0000000089400000, 0x0000000089400000|
|  71|0x0000000089500000, 0x0000000089500000, 0x0000000089600000|  0%| F|  |TS 20|AC  0|TAMS 0x0000000089500000, 0x0000000089500000|
|  72|0x0000000089600000, 0x0000000089600000, 0x0000000089700000|  0%| F|  |TS 20|AC  0|TAMS 0x0000000089600000, 0x0000000089600000|
|  73|0x0000000089700000, 0x0000000089700000, 0x0000000089800000|  0%| F|  |TS 20|AC  0|TAMS 0x0000000089700000, 0x0000000089700000|
|  74|0x0000000089800000, 0x0000000089800000, 0x0000000089900000|  0%| F|  |TS 20|AC  0|TAMS 0x0000000089800000, 0x0000000089800000|
|  75|0x0000000089900000, 0x0000000089900000, 0x0000000089a00000|  0%| F|  |TS 20|AC  0|TAMS 0x0000000089900000, 0x0000000089900000|
|  76|0x0000000089a00000, 0x0000000089a00000, 0x0000000089b00000|  0%| F|  |TS 20|AC  0|TAMS 0x0000000089a00000, 0x0000000089a00000|
|  77|0x0000000089b00000, 0x0000000089b00000, 0x0000000089c00000|  0%| F|  |TS 20|AC  0|TAMS 0x0000000089b00000, 0x0000000089b00000|
|  78|0x0000000089c00000, 0x0000000089c00000, 0x0000000089d00000|  0%| F|  |TS 20|AC  0|TAMS 0x0000000089c00000, 0x0000000089c00000|
|  79|0x0000000089d00000, 0x0000000089d00000, 0x0000000089e00000|  0%| F|  |TS 20|AC  0|TAMS 0x0000000089d00000, 0x0000000089d00000|
|  80|0x0000000089e00000, 0x0000000089e00000, 0x0000000089f00000|  0%| F|  |TS 20|AC  0|TAMS 0x0000000089e00000, 0x0000000089e00000|
|  81|0x0000000089f00000, 0x0000000089f00000, 0x000000008a000000|  0%| F|  |TS 20|AC  0|TAMS 0x0000000089f00000, 0x0000000089f00000|
|  82|0x000000008a000000, 0x000000008a000000, 0x000000008a100000|  0%| F|  |TS 20|AC  0|TAMS 0x000000008a000000, 0x000000008a000000|
|  83|0x000000008a100000, 0x000000008a100000, 0x000000008a200000|  0%| F|  |TS 20|AC  0|TAMS 0x000000008a100000, 0x000000008a100000|
|  84|0x000000008a200000, 0x000000008a200000, 0x000000008a300000|  0%| F|  |TS 20|AC  0|TAMS 0x000000008a200000, 0x000000008a200000|
|  85|0x000000008a300000, 0x000000008a300000, 0x000000008a400000|  0%| F|  |TS 20|AC  0|TAMS 0x000000008a300000, 0x000000008a300000|
|  86|0x000000008a400000, 0x000000008a400000, 0x000000008a500000|  0%| F|  |TS 20|AC  0|TAMS 0x000000008a400000, 0x000000008a400000|
|  87|0x000000008a500000, 0x000000008a500000, 0x000000008a600000|  0%| F|  |TS 20|AC  0|TAMS 0x000000008a500000, 0x000000008a500000|
|  88|0x000000008a600000, 0x000000008a600000, 0x000000008a700000|  0%| F|  |TS 20|AC  0|TAMS 0x000000008a600000, 0x000000008a600000|
|  89|0x000000008a700000, 0x000000008a700000, 0x000000008a800000|  0%| F|  |TS 20|AC  0|TAMS 0x000000008a700000, 0x000000008a700000|
|  90|0x000000008a800000, 0x000000008a800000, 0x000000008a900000|  0%| F|  |TS 20|AC  0|TAMS 0x000000008a800000, 0x000000008a800000|
|  91|0x000000008a900000, 0x000000008a900000, 0x000000008aa00000|  0%| F|  |TS 20|AC  0|TAMS 0x000000008a900000, 0x000000008a900000|
|  92|0x000000008aa00000, 0x000000008aa00000, 0x000000008ab00000|  0%| F|  |TS 20|AC  0|TAMS 0x000000008aa00000, 0x000000008aa00000|
|  93|0x000000008ab00000, 0x000000008ab00000, 0x000000008ac00000|  0%| F|  |TS 20|AC  0|TAMS 0x000000008ab00000, 0x000000008ab00000|
|  94|0x000000008ac00000, 0x000000008ac00000, 0x000000008ad00000|  0%| F|  |TS 20|AC  0|TAMS 0x000000008ac00000, 0x000000008ac00000|
|  95|0x000000008ad00000, 0x000000008ad00000, 0x000000008ae00000|  0%| F|  |TS 20|AC  0|TAMS 0x000000008ad00000, 0x000000008ad00000|
|  96|0x000000008ae00000, 0x000000008ae00000, 0x000000008af00000|  0%| F|  |TS 20|AC  0|TAMS 0x000000008ae00000, 0x000000008ae00000|
|  97|0x000000008af00000, 0x000000008af00000, 0x000000008b000000|  0%| F|  |TS 20|AC  0|TAMS 0x000000008af00000, 0x000000008af00000|
|  98|0x000000008b000000, 0x000000008b000000, 0x000000008b100000|  0%| F|  |TS 20|AC  0|TAMS 0x000000008b000000, 0x000000008b000000|
|  99|0x000000008b100000, 0x000000008b100000, 0x000000008b200000|  0%| F|  |TS 20|AC  0|TAMS 0x000000008b100000, 0x000000008b100000|
| 100|0x000000008b200000, 0x000000008b200000, 0x000000008b300000|  0%| F|  |TS 20|AC  0|TAMS 0x000000008b200000, 0x000000008b200000|
| 101|0x000000008b300000, 0x000000008b300000, 0x000000008b400000|  0%| F|  |TS 20|AC  0|TAMS 0x000000008b300000, 0x000000008b300000|
| 102|0x000000008b400000, 0x000000008b400000, 0x000000008b500000|  0%| F|  |TS 20|AC  0|TAMS 0x000000008b400000, 0x000000008b400000|
| 103|0x000000008b500000, 0x000000008b500000, 0x000000008b600000|  0%| F|  |TS 20|AC  0|TAMS 0x000000008b500000, 0x000000008b500000|
| 104|0x000000008b600000, 0x000000008b600000, 0x000000008b700000|  0%| F|  |TS 20|AC  0|TAMS 0x000000008b600000, 0x000000008b600000|
| 105|0x000000008b700000, 0x000000008b700000, 0x000000008b800000|  0%| F|  |TS 20|AC  0|TAMS 0x000000008b700000, 0x000000008b700000|
| 106|0x000000008b800000, 0x000000008b800000, 0x000000008b900000|  0%| F|  |TS 24|AC  0|TAMS 0x000000008b800000, 0x000000008b800000|
| 107|0x000000008b900000, 0x000000008b900000, 0x000000008ba00000|  0%| F|  |TS 24|AC  0|TAMS 0x000000008b900000, 0x000000008b900000|
| 108|0x000000008ba00000, 0x000000008ba00000, 0x000000008bb00000|  0%| F|  |TS 24|AC  0|TAMS 0x000000008ba00000, 0x000000008ba00000|
| 109|0x000000008bb00000, 0x000000008bb00000, 0x000000008bc00000|  0%| F|  |TS 24|AC  0|TAMS 0x000000008bb00000, 0x000000008bb00000|
| 110|0x000000008bc00000, 0x000000008bc00000, 0x000000008bd00000|  0%| F|  |TS 24|AC  0|TAMS 0x000000008bc00000, 0x000000008bc00000|
| 111|0x000000008bd00000, 0x000000008bd00000, 0x000000008be00000|  0%| F|  |TS 24|AC  0|TAMS 0x000000008bd00000, 0x000000008bd00000|
| 112|0x000000008be00000, 0x000000008be00000, 0x000000008bf00000|  0%| F|  |TS 24|AC  0|TAMS 0x000000008be00000, 0x000000008be00000|
| 113|0x000000008bf00000, 0x000000008bf00000, 0x000000008c000000|  0%| F|  |TS 24|AC  0|TAMS 0x000000008bf00000, 0x000000008bf00000|
| 114|0x000000008c000000, 0x000000008c000000, 0x000000008c100000|  0%| F|  |TS 24|AC  0|TAMS 0x000000008c000000, 0x000000008c000000|
| 115|0x000000008c100000, 0x000000008c100000, 0x000000008c200000|  0%| F|  |TS 24|AC  0|TAMS 0x000000008c100000, 0x000000008c100000|
| 116|0x000000008c200000, 0x000000008c200000, 0x000000008c300000|  0%| F|  |TS 24|AC  0|TAMS 0x000000008c200000, 0x000000008c200000|
| 117|0x000000008c300000, 0x000000008c300000, 0x000000008c400000|  0%| F|  |TS 24|AC  0|TAMS 0x000000008c300000, 0x000000008c300000|
| 118|0x000000008c400000, 0x000000008c400000, 0x000000008c500000|  0%| F|  |TS 24|AC  0|TAMS 0x000000008c400000, 0x000000008c400000|
| 119|0x000000008c500000, 0x000000008c500000, 0x000000008c600000|  0%| F|  |TS 24|AC  0|TAMS 0x000000008c500000, 0x000000008c500000|
| 120|0x000000008c600000, 0x000000008c600000, 0x000000008c700000|  0%| F|  |TS 24|AC  0|TAMS 0x000000008c600000, 0x000000008c600000|
| 121|0x000000008c700000, 0x000000008c700000, 0x000000008c800000|  0%| F|  |TS 24|AC  0|TAMS 0x000000008c700000, 0x000000008c700000|
| 122|0x000000008c800000, 0x000000008c800000, 0x000000008c900000|  0%| F|  |TS 24|AC  0|TAMS 0x000000008c800000, 0x000000008c800000|
| 123|0x000000008c900000, 0x000000008c900000, 0x000000008ca00000|  0%| F|  |TS 24|AC  0|TAMS 0x000000008c900000, 0x000000008c900000|
| 124|0x000000008ca00000, 0x000000008ca00000, 0x000000008cb00000|  0%| F|  |TS 24|AC  0|TAMS 0x000000008ca00000, 0x000000008ca00000|
| 125|0x000000008cb00000, 0x000000008cb00000, 0x000000008cc00000|  0%| F|  |TS 24|AC  0|TAMS 0x000000008cb00000, 0x000000008cb00000|
| 126|0x000000008cc00000, 0x000000008cc00000, 0x000000008cd00000|  0%| F|  |TS 24|AC  0|TAMS 0x000000008cc00000, 0x000000008cc00000|
| 127|0x000000008cd00000, 0x000000008cd00000, 0x000000008ce00000|  0%| F|  |TS 24|AC  0|TAMS 0x000000008cd00000, 0x000000008cd00000|
| 128|0x000000008ce00000, 0x000000008ce00000, 0x000000008cf00000|  0%| F|  |TS 24|AC  0|TAMS 0x000000008ce00000, 0x000000008ce00000|
| 129|0x000000008cf00000, 0x000000008cf00000, 0x000000008d000000|  0%| F|  |TS 24|AC  0|TAMS 0x000000008cf00000, 0x000000008cf00000|
| 130|0x000000008d000000, 0x000000008d000000, 0x000000008d100000|  0%| F|  |TS 24|AC  0|TAMS 0x000000008d000000, 0x000000008d000000|
| 131|0x000000008d100000, 0x000000008d100000, 0x000000008d200000|  0%| F|  |TS 24|AC  0|TAMS 0x000000008d100000, 0x000000008d100000|
| 132|0x000000008d200000, 0x000000008d200000, 0x000000008d300000|  0%| F|  |TS 24|AC  0|TAMS 0x000000008d200000, 0x000000008d200000|
| 133|0x000000008d300000, 0x000000008d300000, 0x000000008d400000|  0%| F|  |TS 24|AC  0|TAMS 0x000000008d300000, 0x000000008d300000|
| 134|0x000000008d400000, 0x000000008d400000, 0x000000008d500000|  0%| F|  |TS 24|AC  0|TAMS 0x000000008d400000, 0x000000008d400000|
| 135|0x000000008d500000, 0x000000008d500000, 0x000000008d600000|  0%| F|  |TS 24|AC  0|TAMS 0x000000008d500000, 0x000000008d500000|
| 136|0x000000008d600000, 0x000000008d600000, 0x000000008d700000|  0%| F|  |TS 24|AC  0|TAMS 0x000000008d600000, 0x000000008d600000|
| 137|0x000000008d700000, 0x000000008d700000, 0x000000008d800000|  0%| F|  |TS 24|AC  0|TAMS 0x000000008d700000, 0x000000008d700000|
| 138|0x000000008d800000, 0x000000008d800000, 0x000000008d900000|  0%| F|  |TS 24|AC  0|TAMS 0x000000008d800000, 0x000000008d800000|
| 139|0x000000008d900000, 0x000000008d900000, 0x000000008da00000|  0%| F|  |TS 24|AC  0|TAMS 0x000000008d900000, 0x000000008d900000|
| 140|0x000000008da00000, 0x000000008da00000, 0x000000008db00000|  0%| F|  |TS 24|AC  0|TAMS 0x000000008da00000, 0x000000008da00000|
| 141|0x000000008db00000, 0x000000008db00000, 0x000000008dc00000|  0%| F|  |TS 24|AC  0|TAMS 0x000000008db00000, 0x000000008db00000|
| 142|0x000000008dc00000, 0x000000008dc00000, 0x000000008dd00000|  0%| F|  |TS 24|AC  0|TAMS 0x000000008dc00000, 0x000000008dc00000|
| 143|0x000000008dd00000, 0x000000008dd00000, 0x000000008de00000|  0%| F|  |TS 24|AC  0|TAMS 0x000000008dd00000, 0x000000008dd00000|
| 144|0x000000008de00000, 0x000000008de00000, 0x000000008df00000|  0%| F|  |TS 24|AC  0|TAMS 0x000000008de00000, 0x000000008de00000|
| 145|0x000000008df00000, 0x000000008df00000, 0x000000008e000000|  0%| F|  |TS 24|AC  0|TAMS 0x000000008df00000, 0x000000008df00000|
| 146|0x000000008e000000, 0x000000008e000000, 0x000000008e100000|  0%| F|  |TS 24|AC  0|TAMS 0x000000008e000000, 0x000000008e000000|
| 147|0x000000008e100000, 0x000000008e100000, 0x000000008e200000|  0%| F|  |TS 24|AC  0|TAMS 0x000000008e100000, 0x000000008e100000|
| 148|0x000000008e200000, 0x000000008e200000, 0x000000008e300000|  0%| F|  |TS 24|AC  0|TAMS 0x000000008e200000, 0x000000008e200000|
| 149|0x000000008e300000, 0x000000008e300000, 0x000000008e400000|  0%| F|  |TS 24|AC  0|TAMS 0x000000008e300000, 0x000000008e300000|
| 150|0x000000008e400000, 0x000000008e400000, 0x000000008e500000|  0%| F|  |TS 24|AC  0|TAMS 0x000000008e400000, 0x000000008e400000|
| 151|0x000000008e500000, 0x000000008e500000, 0x000000008e600000|  0%| F|  |TS 24|AC  0|TAMS 0x000000008e500000, 0x000000008e500000|
| 152|0x000000008e600000, 0x000000008e600000, 0x000000008e700000|  0%| F|  |TS 24|AC  0|TAMS 0x000000008e600000, 0x000000008e600000|
| 153|0x000000008e700000, 0x000000008e700000, 0x000000008e800000|  0%| F|  |TS 24|AC  0|TAMS 0x000000008e700000, 0x000000008e700000|
| 154|0x000000008e800000, 0x000000008e800000, 0x000000008e900000|  0%| F|  |TS 24|AC  0|TAMS 0x000000008e800000, 0x000000008e800000|
| 155|0x000000008e900000, 0x000000008e900000, 0x000000008ea00000|  0%| F|  |TS 24|AC  0|TAMS 0x000000008e900000, 0x000000008e900000|
| 156|0x000000008ea00000, 0x000000008ea00000, 0x000000008eb00000|  0%| F|  |TS 24|AC  0|TAMS 0x000000008ea00000, 0x000000008ea00000|
| 157|0x000000008eb00000, 0x000000008eb00000, 0x000000008ec00000|  0%| F|  |TS 24|AC  0|TAMS 0x000000008eb00000, 0x000000008eb00000|
| 158|0x000000008ec00000, 0x000000008ec00000, 0x000000008ed00000|  0%| F|  |TS 24|AC  0|TAMS 0x000000008ec00000, 0x000000008ec00000|
| 159|0x000000008ed00000, 0x000000008ed00000, 0x000000008ee00000|  0%| F|  |TS 24|AC  0|TAMS 0x000000008ed00000, 0x000000008ed00000|
| 160|0x000000008ee00000, 0x000000008ee00000, 0x000000008ef00000|  0%| F|  |TS 24|AC  0|TAMS 0x000000008ee00000, 0x000000008ee00000|
| 161|0x000000008ef00000, 0x000000008ef00000, 0x000000008f000000|  0%| F|  |TS 24|AC  0|TAMS 0x000000008ef00000, 0x000000008ef00000|
| 162|0x000000008f000000, 0x000000008f000000, 0x000000008f100000|  0%| F|  |TS 24|AC  0|TAMS 0x000000008f000000, 0x000000008f000000|
| 163|0x000000008f100000, 0x000000008f100000, 0x000000008f200000|  0%| F|  |TS 24|AC  0|TAMS 0x000000008f100000, 0x000000008f100000|
| 164|0x000000008f200000, 0x000000008f200000, 0x000000008f300000|  0%| F|  |TS 24|AC  0|TAMS 0x000000008f200000, 0x000000008f200000|
| 165|0x000000008f300000, 0x000000008f300000, 0x000000008f400000|  0%| F|  |TS 24|AC  0|TAMS 0x000000008f300000, 0x000000008f300000|
| 166|0x000000008f400000, 0x000000008f400000, 0x000000008f500000|  0%| F|  |TS 24|AC  0|TAMS 0x000000008f400000, 0x000000008f400000|
| 167|0x000000008f500000, 0x000000008f500000, 0x000000008f600000|  0%| F|  |TS 24|AC  0|TAMS 0x000000008f500000, 0x000000008f500000|
| 168|0x000000008f600000, 0x000000008f600000, 0x000000008f700000|  0%| F|  |TS 24|AC  0|TAMS 0x000000008f600000, 0x000000008f600000|
| 169|0x000000008f700000, 0x000000008f700000, 0x000000008f800000|  0%| F|  |TS 24|AC  0|TAMS 0x000000008f700000, 0x000000008f700000|
| 170|0x000000008f800000, 0x000000008f800000, 0x000000008f900000|  0%| F|  |TS 24|AC  0|TAMS 0x000000008f800000, 0x000000008f800000|
| 171|0x000000008f900000, 0x000000008f900000, 0x000000008fa00000|  0%| F|  |TS 24|AC  0|TAMS 0x000000008f900000, 0x000000008f900000|
| 172|0x000000008fa00000, 0x000000008fa00000, 0x000000008fb00000|  0%| F|  |TS 24|AC  0|TAMS 0x000000008fa00000, 0x000000008fa00000|
| 173|0x000000008fb00000, 0x000000008fb00000, 0x000000008fc00000|  0%| F|  |TS 24|AC  0|TAMS 0x000000008fb00000, 0x000000008fb00000|
| 174|0x000000008fc00000, 0x000000008fc00000, 0x000000008fd00000|  0%| F|  |TS 24|AC  0|TAMS 0x000000008fc00000, 0x000000008fc00000|
| 175|0x000000008fd00000, 0x000000008fd00000, 0x000000008fe00000|  0%| F|  |TS 24|AC  0|TAMS 0x000000008fd00000, 0x000000008fd00000|
| 176|0x000000008fe00000, 0x000000008fe00000, 0x000000008ff00000|  0%| F|  |TS 24|AC  0|TAMS 0x000000008fe00000, 0x000000008fe00000|
| 177|0x000000008ff00000, 0x000000008ff00000, 0x0000000090000000|  0%| F|  |TS 24|AC  0|TAMS 0x000000008ff00000, 0x000000008ff00000|
| 178|0x0000000090000000, 0x0000000090000000, 0x0000000090100000|  0%| F|  |TS 24|AC  0|TAMS 0x0000000090000000, 0x0000000090000000|
| 179|0x0000000090100000, 0x0000000090100000, 0x0000000090200000|  0%| F|  |TS 24|AC  0|TAMS 0x0000000090100000, 0x0000000090100000|
| 180|0x0000000090200000, 0x0000000090200000, 0x0000000090300000|  0%| F|  |TS 24|AC  0|TAMS 0x0000000090200000, 0x0000000090200000|
| 181|0x0000000090300000, 0x0000000090300000, 0x0000000090400000|  0%| F|  |TS 24|AC  0|TAMS 0x0000000090300000, 0x0000000090300000|
| 182|0x0000000090400000, 0x0000000090400000, 0x0000000090500000|  0%| F|  |TS 24|AC  0|TAMS 0x0000000090400000, 0x0000000090400000|
| 183|0x0000000090500000, 0x0000000090500000, 0x0000000090600000|  0%| F|  |TS 24|AC  0|TAMS 0x0000000090500000, 0x0000000090500000|
| 184|0x0000000090600000, 0x0000000090600000, 0x0000000090700000|  0%| F|  |TS 24|AC  0|TAMS 0x0000000090600000, 0x0000000090600000|
| 185|0x0000000090700000, 0x0000000090700000, 0x0000000090800000|  0%| F|  |TS 24|AC  0|TAMS 0x0000000090700000, 0x0000000090700000|
| 186|0x0000000090800000, 0x0000000090800000, 0x0000000090900000|  0%| F|  |TS 24|AC  0|TAMS 0x0000000090800000, 0x0000000090800000|
| 187|0x0000000090900000, 0x0000000090900000, 0x0000000090a00000|  0%| F|  |TS 24|AC  0|TAMS 0x0000000090900000, 0x0000000090900000|
| 188|0x0000000090a00000, 0x0000000090a00000, 0x0000000090b00000|  0%| F|  |TS 24|AC  0|TAMS 0x0000000090a00000, 0x0000000090a00000|
| 189|0x0000000090b00000, 0x0000000090b00000, 0x0000000090c00000|  0%| F|  |TS 24|AC  0|TAMS 0x0000000090b00000, 0x0000000090b00000|
| 190|0x0000000090c00000, 0x0000000090c00000, 0x0000000090d00000|  0%| F|  |TS 24|AC  0|TAMS 0x0000000090c00000, 0x0000000090c00000|
| 191|0x0000000090d00000, 0x0000000090d00000, 0x0000000090e00000|  0%| F|  |TS 24|AC  0|TAMS 0x0000000090d00000, 0x0000000090d00000|
| 192|0x0000000090e00000, 0x0000000090e00000, 0x0000000090f00000|  0%| F|  |TS 24|AC  0|TAMS 0x0000000090e00000, 0x0000000090e00000|
| 193|0x0000000090f00000, 0x0000000090f00000, 0x0000000091000000|  0%| F|  |TS 24|AC  0|TAMS 0x0000000090f00000, 0x0000000090f00000|
| 194|0x0000000091000000, 0x0000000091000000, 0x0000000091100000|  0%| F|  |TS 24|AC  0|TAMS 0x0000000091000000, 0x0000000091000000|
| 195|0x0000000091100000, 0x0000000091100000, 0x0000000091200000|  0%| F|  |TS 24|AC  0|TAMS 0x0000000091100000, 0x0000000091100000|
| 196|0x0000000091200000, 0x0000000091200000, 0x0000000091300000|  0%| F|  |TS 24|AC  0|TAMS 0x0000000091200000, 0x0000000091200000|
| 197|0x0000000091300000, 0x0000000091300000, 0x0000000091400000|  0%| F|  |TS 24|AC  0|TAMS 0x0000000091300000, 0x0000000091300000|
| 198|0x0000000091400000, 0x0000000091400000, 0x0000000091500000|  0%| F|  |TS 24|AC  0|TAMS 0x0000000091400000, 0x0000000091400000|
| 199|0x0000000091500000, 0x0000000091500000, 0x0000000091600000|  0%| F|  |TS 24|AC  0|TAMS 0x0000000091500000, 0x0000000091500000|
| 200|0x0000000091600000, 0x0000000091600000, 0x0000000091700000|  0%| F|  |TS 24|AC  0|TAMS 0x0000000091600000, 0x0000000091600000|
| 201|0x0000000091700000, 0x0000000091700000, 0x0000000091800000|  0%| F|  |TS 24|AC  0|TAMS 0x0000000091700000, 0x0000000091700000|
| 202|0x0000000091800000, 0x0000000091800000, 0x0000000091900000|  0%| F|  |TS 24|AC  0|TAMS 0x0000000091800000, 0x0000000091800000|
| 203|0x0000000091900000, 0x0000000091900000, 0x0000000091a00000|  0%| F|  |TS 24|AC  0|TAMS 0x0000000091900000, 0x0000000091900000|
| 204|0x0000000091a00000, 0x0000000091a00000, 0x0000000091b00000|  0%| F|  |TS 24|AC  0|TAMS 0x0000000091a00000, 0x0000000091a00000|
| 205|0x0000000091b00000, 0x0000000091b00000, 0x0000000091c00000|  0%| F|  |TS 24|AC  0|TAMS 0x0000000091b00000, 0x0000000091b00000|
| 206|0x0000000091c00000, 0x0000000091c00000, 0x0000000091d00000|  0%| F|  |TS 24|AC  0|TAMS 0x0000000091c00000, 0x0000000091c00000|
| 207|0x0000000091d00000, 0x0000000091d00000, 0x0000000091e00000|  0%| F|  |TS 24|AC  0|TAMS 0x0000000091d00000, 0x0000000091d00000|
| 208|0x0000000091e00000, 0x0000000091e00000, 0x0000000091f00000|  0%| F|  |TS 24|AC  0|TAMS 0x0000000091e00000, 0x0000000091e00000|
| 209|0x0000000091f00000, 0x0000000091f00000, 0x0000000092000000|  0%| F|  |TS 24|AC  0|TAMS 0x0000000091f00000, 0x0000000091f00000|
| 210|0x0000000092000000, 0x0000000092000000, 0x0000000092100000|  0%| F|  |TS 24|AC  0|TAMS 0x0000000092000000, 0x0000000092000000|
| 211|0x0000000092100000, 0x0000000092100000, 0x0000000092200000|  0%| F|  |TS 24|AC  0|TAMS 0x0000000092100000, 0x0000000092100000|
| 212|0x0000000092200000, 0x0000000092200000, 0x0000000092300000|  0%| F|  |TS 24|AC  0|TAMS 0x0000000092200000, 0x0000000092200000|
| 213|0x0000000092300000, 0x0000000092300000, 0x0000000092400000|  0%| F|  |TS 24|AC  0|TAMS 0x0000000092300000, 0x0000000092300000|
| 214|0x0000000092400000, 0x0000000092400000, 0x0000000092500000|  0%| F|  |TS 24|AC  0|TAMS 0x0000000092400000, 0x0000000092400000|
| 215|0x0000000092500000, 0x0000000092500000, 0x0000000092600000|  0%| F|  |TS 24|AC  0|TAMS 0x0000000092500000, 0x0000000092500000|
| 216|0x0000000092600000, 0x0000000092600000, 0x0000000092700000|  0%| F|  |TS 24|AC  0|TAMS 0x0000000092600000, 0x0000000092600000|
| 217|0x0000000092700000, 0x0000000092700000, 0x0000000092800000|  0%| F|  |TS 24|AC  0|TAMS 0x0000000092700000, 0x0000000092700000|
| 218|0x0000000092800000, 0x0000000092800000, 0x0000000092900000|  0%| F|  |TS 24|AC  0|TAMS 0x0000000092800000, 0x0000000092800000|
| 219|0x0000000092900000, 0x0000000092900000, 0x0000000092a00000|  0%| F|  |TS 24|AC  0|TAMS 0x0000000092900000, 0x0000000092900000|
| 220|0x0000000092a00000, 0x0000000092a00000, 0x0000000092b00000|  0%| F|  |TS 24|AC  0|TAMS 0x0000000092a00000, 0x0000000092a00000|
| 221|0x0000000092b00000, 0x0000000092b00000, 0x0000000092c00000|  0%| F|  |TS 24|AC  0|TAMS 0x0000000092b00000, 0x0000000092b00000|
| 222|0x0000000092c00000, 0x0000000092c00000, 0x0000000092d00000|  0%| F|  |TS 24|AC  0|TAMS 0x0000000092c00000, 0x0000000092c00000|
| 223|0x0000000092d00000, 0x0000000092d00000, 0x0000000092e00000|  0%| F|  |TS 24|AC  0|TAMS 0x0000000092d00000, 0x0000000092d00000|
| 224|0x0000000092e00000, 0x0000000092e00000, 0x0000000092f00000|  0%| F|  |TS 24|AC  0|TAMS 0x0000000092e00000, 0x0000000092e00000|
| 225|0x0000000092f00000, 0x0000000092f00000, 0x0000000093000000|  0%| F|  |TS 24|AC  0|TAMS 0x0000000092f00000, 0x0000000092f00000|
| 226|0x0000000093000000, 0x0000000093000000, 0x0000000093100000|  0%| F|  |TS 24|AC  0|TAMS 0x0000000093000000, 0x0000000093000000|
| 227|0x0000000093100000, 0x0000000093100000, 0x0000000093200000|  0%| F|  |TS 24|AC  0|TAMS 0x0000000093100000, 0x0000000093100000|
| 228|0x0000000093200000, 0x0000000093200000, 0x0000000093300000|  0%| F|  |TS 24|AC  0|TAMS 0x0000000093200000, 0x0000000093200000|
| 229|0x0000000093300000, 0x0000000093300000, 0x0000000093400000|  0%| F|  |TS 24|AC  0|TAMS 0x0000000093300000, 0x0000000093300000|
| 230|0x0000000093400000, 0x0000000093400000, 0x0000000093500000|  0%| F|  |TS 24|AC  0|TAMS 0x0000000093400000, 0x0000000093400000|
| 231|0x0000000093500000, 0x0000000093500000, 0x0000000093600000|  0%| F|  |TS 24|AC  0|TAMS 0x0000000093500000, 0x0000000093500000|
| 232|0x0000000093600000, 0x0000000093600000, 0x0000000093700000|  0%| F|  |TS 24|AC  0|TAMS 0x0000000093600000, 0x0000000093600000|
| 233|0x0000000093700000, 0x0000000093700000, 0x0000000093800000|  0%| F|  |TS 24|AC  0|TAMS 0x0000000093700000, 0x0000000093700000|
| 234|0x0000000093800000, 0x0000000093800000, 0x0000000093900000|  0%| F|  |TS 24|AC  0|TAMS 0x0000000093800000, 0x0000000093800000|
| 235|0x0000000093900000, 0x0000000093900000, 0x0000000093a00000|  0%| F|  |TS 24|AC  0|TAMS 0x0000000093900000, 0x0000000093900000|
| 236|0x0000000093a00000, 0x0000000093a00000, 0x0000000093b00000|  0%| F|  |TS 24|AC  0|TAMS 0x0000000093a00000, 0x0000000093a00000|
| 237|0x0000000093b00000, 0x0000000093b00000, 0x0000000093c00000|  0%| F|  |TS 24|AC  0|TAMS 0x0000000093b00000, 0x0000000093b00000|
| 238|0x0000000093c00000, 0x0000000093c00000, 0x0000000093d00000|  0%| F|  |TS 24|AC  0|TAMS 0x0000000093c00000, 0x0000000093c00000|
| 239|0x0000000093d00000, 0x0000000093d00000, 0x0000000093e00000|  0%| F|  |TS 24|AC  0|TAMS 0x0000000093d00000, 0x0000000093d00000|
| 240|0x0000000093e00000, 0x0000000093e00000, 0x0000000093f00000|  0%| F|  |TS 24|AC  0|TAMS 0x0000000093e00000, 0x0000000093e00000|
| 241|0x0000000093f00000, 0x0000000093f00000, 0x0000000094000000|  0%| F|  |TS 24|AC  0|TAMS 0x0000000093f00000, 0x0000000093f00000|
| 242|0x0000000094000000, 0x0000000094000000, 0x0000000094100000|  0%| F|  |TS 24|AC  0|TAMS 0x0000000094000000, 0x0000000094000000|
| 243|0x0000000094100000, 0x0000000094100000, 0x0000000094200000|  0%| F|  |TS 24|AC  0|TAMS 0x0000000094100000, 0x0000000094100000|
| 244|0x0000000094200000, 0x0000000094200000, 0x0000000094300000|  0%| F|  |TS 24|AC  0|TAMS 0x0000000094200000, 0x0000000094200000|
| 245|0x0000000094300000, 0x0000000094300000, 0x0000000094400000|  0%| F|  |TS 24|AC  0|TAMS 0x0000000094300000, 0x0000000094300000|
| 246|0x0000000094400000, 0x0000000094400000, 0x0000000094500000|  0%| F|  |TS 24|AC  0|TAMS 0x0000000094400000, 0x0000000094400000|
| 247|0x0000000094500000, 0x0000000094500000, 0x0000000094600000|  0%| F|  |TS 24|AC  0|TAMS 0x0000000094500000, 0x0000000094500000|
| 248|0x0000000094600000, 0x0000000094600000, 0x0000000094700000|  0%| F|  |TS 24|AC  0|TAMS 0x0000000094600000, 0x0000000094600000|
| 249|0x0000000094700000, 0x0000000094700000, 0x0000000094800000|  0%| F|  |TS 24|AC  0|TAMS 0x0000000094700000, 0x0000000094700000|
| 250|0x0000000094800000, 0x0000000094800000, 0x0000000094900000|  0%| F|  |TS 24|AC  0|TAMS 0x0000000094800000, 0x0000000094800000|
| 251|0x0000000094900000, 0x0000000094900000, 0x0000000094a00000|  0%| F|  |TS 24|AC  0|TAMS 0x0000000094900000, 0x0000000094900000|
| 252|0x0000000094a00000, 0x0000000094a00000, 0x0000000094b00000|  0%| F|  |TS 24|AC  0|TAMS 0x0000000094a00000, 0x0000000094a00000|
| 253|0x0000000094b00000, 0x0000000094b00000, 0x0000000094c00000|  0%| F|  |TS 24|AC  0|TAMS 0x0000000094b00000, 0x0000000094b00000|
| 254|0x0000000094c00000, 0x0000000094c00000, 0x0000000094d00000|  0%| F|  |TS 24|AC  0|TAMS 0x0000000094c00000, 0x0000000094c00000|
| 255|0x0000000094d00000, 0x0000000094d00000, 0x0000000094e00000|  0%| F|  |TS 24|AC  0|TAMS 0x0000000094d00000, 0x0000000094d00000|
| 256|0x0000000094e00000, 0x0000000094e00000, 0x0000000094f00000|  0%| F|  |TS 24|AC  0|TAMS 0x0000000094e00000, 0x0000000094e00000|
| 257|0x0000000094f00000, 0x0000000094f00000, 0x0000000095000000|  0%| F|  |TS 24|AC  0|TAMS 0x0000000094f00000, 0x0000000094f00000|
| 258|0x0000000095000000, 0x0000000095000000, 0x0000000095100000|  0%| F|  |TS 24|AC  0|TAMS 0x0000000095000000, 0x0000000095000000|
| 259|0x0000000095100000, 0x0000000095100000, 0x0000000095200000|  0%| F|  |TS 24|AC  0|TAMS 0x0000000095100000, 0x0000000095100000|
| 260|0x0000000095200000, 0x0000000095200000, 0x0000000095300000|  0%| F|  |TS 24|AC  0|TAMS 0x0000000095200000, 0x0000000095200000|
| 261|0x0000000095300000, 0x0000000095300000, 0x0000000095400000|  0%| F|  |TS 24|AC  0|TAMS 0x0000000095300000, 0x0000000095300000|
| 262|0x0000000095400000, 0x0000000095400000, 0x0000000095500000|  0%| F|  |TS 24|AC  0|TAMS 0x0000000095400000, 0x0000000095400000|
| 263|0x0000000095500000, 0x0000000095500000, 0x0000000095600000|  0%| F|  |TS 24|AC  0|TAMS 0x0000000095500000, 0x0000000095500000|

Card table byte_map: [0x00007f427db37000,0x00007f427df10000] byte_map_base: 0x00007f427d710000

Marking Bits (Prev, Next): (CMBitMap*) 0x00007f42980569a0, (CMBitMap*) 0x00007f42980569d8
 Prev Bits: [0x00007f426e138000, 0x00007f4270000000)
 Next Bits: [0x00007f426c270000, 0x00007f426e138000)

Polling page: 0x00007f429f126000

CodeHeap 'non-profiled nmethods': size=120032Kb used=194Kb max_used=194Kb free=119838Kb
 bounds [0x00007f4286793000, 0x00007f4286a03000, 0x00007f428dccb000]
CodeHeap 'profiled nmethods': size=120032Kb used=875Kb max_used=875Kb free=119156Kb
 bounds [0x00007f427f25b000, 0x00007f427f4cb000, 0x00007f4286793000]
CodeHeap 'non-nmethods': size=5696Kb used=1041Kb max_used=1071Kb free=4654Kb
 bounds [0x00007f427eccb000, 0x00007f427ef3b000, 0x00007f427f25b000]
 total_blobs=1082 nmethods=556 adapters=255
 compilation: enabled

Compilation events (10 events):
Event: 1282,424 Thread 0x00007f4298172800 nmethod 587% 0x00007f42867c0c90 code [0x00007f42867c0e60, 0x00007f42867c1828]
Event: 1282,424 Thread 0x00007f4298172800  583       4       java.net.SocketInputStream::read (15 bytes)
Event: 1282,426 Thread 0x00007f4298172800 nmethod 583 0x00007f42867c1e10 code [0x00007f42867c1fc0, 0x00007f42867c2068]
Event: 1282,426 Thread 0x00007f4298172800  571       4       java.nio.CharBuffer::limit (6 bytes)
Event: 1282,432 Thread 0x00007f4298172800 nmethod 571 0x00007f42867c2190 code [0x00007f42867c2320, 0x00007f42867c23f8]
Event: 1282,432 Thread 0x00007f4298172800  584   !   4       java.net.SocketInputStream::read (328 bytes)
Event: 1282,432 Thread 0x00007f4298170800 nmethod 581 0x00007f42867c2510 code [0x00007f42867c26e0, 0x00007f42867c2be8]
Event: 1282,432 Thread 0x00007f4298170800  582       4       java.nio.HeapByteBuffer::compact (52 bytes)
Event: 1282,432 Thread 0x00007f4298172800 nmethod 584 0x00007f42867c3110 code [0x00007f42867c32a0, 0x00007f42867c3338]
Event: 1282,434 Thread 0x00007f4298170800 nmethod 582 0x00007f42867c3410 code [0x00007f42867c35c0, 0x00007f42867c37f8]

GC Heap History (10 events):
Event: 1285,602 GC heap after
{Heap after GC invocations=19 (full 0):
 garbage-first heap   total 180224K, used 1355K [0x0000000084e00000, 0x0000000100000000)
  region size 1024K, 0 young (0K), 0 survivors (0K)
 Metaspace       used 8821K, capacity 8984K, committed 9088K, reserved 1056768K
  class space    used 759K, capacity 797K, committed 896K, reserved 1048576K
}
Event: 1285,749 GC heap before
{Heap before GC invocations=19 (full 0):
 garbage-first heap   total 180224K, used 108875K [0x0000000084e00000, 0x0000000100000000)
  region size 1024K, 105 young (107520K), 0 survivors (0K)
 Metaspace       used 8821K, capacity 8984K, committed 9088K, reserved 1056768K
  class space    used 759K, capacity 797K, committed 896K, reserved 1048576K
}
Event: 1285,753 GC heap after
{Heap after GC invocations=20 (full 0):
 garbage-first heap   total 270336K, used 1355K [0x0000000084e00000, 0x0000000100000000)
  region size 1024K, 0 young (0K), 0 survivors (0K)
 Metaspace       used 8821K, capacity 8984K, committed 9088K, reserved 1056768K
  class space    used 759K, capacity 797K, committed 896K, reserved 1048576K
}
Event: 1286,209 GC heap before
{Heap before GC invocations=20 (full 0):
 garbage-first heap   total 270336K, used 163147K [0x0000000084e00000, 0x0000000100000000)
  region size 1024K, 158 young (161792K), 0 survivors (0K)
 Metaspace       used 8821K, capacity 8984K, committed 9088K, reserved 1056768K
  class space    used 759K, capacity 797K, committed 896K, reserved 1048576K
}
Event: 1286,331 GC heap after
{Heap after GC invocations=21 (full 0):
 garbage-first heap   total 270336K, used 1355K [0x0000000084e00000, 0x0000000100000000)
  region size 1024K, 0 young (0K), 0 survivors (0K)
 Metaspace       used 8821K, capacity 8984K, committed 9088K, reserved 1056768K
  class space    used 759K, capacity 797K, committed 896K, reserved 1048576K
}
Event: 1286,808 GC heap before
{Heap before GC invocations=21 (full 0):
 garbage-first heap   total 270336K, used 163147K [0x0000000084e00000, 0x0000000100000000)
  region size 1024K, 158 young (161792K), 0 survivors (0K)
 Metaspace       used 8821K, capacity 8984K, committed 9088K, reserved 1056768K
  class space    used 759K, capacity 797K, committed 896K, reserved 1048576K
}
Event: 1286,942 GC heap after
{Heap after GC invocations=22 (full 0):
 garbage-first heap   total 270336K, used 1355K [0x0000000084e00000, 0x0000000100000000)
  region size 1024K, 0 young (0K), 0 survivors (0K)
 Metaspace       used 8821K, capacity 8984K, committed 9088K, reserved 1056768K
  class space    used 759K, capacity 797K, committed 896K, reserved 1048576K
}
Event: 1287,358 GC heap before
{Heap before GC invocations=22 (full 0):
 garbage-first heap   total 270336K, used 163147K [0x0000000084e00000, 0x0000000100000000)
  region size 1024K, 158 young (161792K), 0 survivors (0K)
 Metaspace       used 8821K, capacity 8984K, committed 9088K, reserved 1056768K
  class space    used 759K, capacity 797K, committed 896K, reserved 1048576K
}
Event: 1287,526 GC heap after
{Heap after GC invocations=23 (full 0):
 garbage-first heap   total 270336K, used 1355K [0x0000000084e00000, 0x0000000100000000)
  region size 1024K, 0 young (0K), 0 survivors (0K)
 Metaspace       used 8821K, capacity 8984K, committed 9088K, reserved 1056768K
  class space    used 759K, capacity 797K, committed 896K, reserved 1048576K
}
Event: 1287,927 GC heap before
{Heap before GC invocations=23 (full 0):
 garbage-first heap   total 270336K, used 163147K [0x0000000084e00000, 0x0000000100000000)
  region size 1024K, 158 young (161792K), 0 survivors (0K)
 Metaspace       used 8821K, capacity 8984K, committed 9088K, reserved 1056768K
  class space    used 759K, capacity 797K, committed 896K, reserved 1048576K
}

Deoptimization events (4 events):
Event: 0,347 Thread 0x00007f4298012800 Uncommon trap: reason=unstable_if action=reinterpret pc=0x00007f4286796ef0 method=java.lang.String.hashCode()I @ 14 c2
Event: 59,908 Thread 0x00007f4298283800 Uncommon trap: reason=unstable_if action=reinterpret pc=0x00007f428679d73c method=java.util.HashMap.putVal(ILjava/lang/Object;Ljava/lang/Object;ZZ)Ljava/lang/Object; @ 69 c2
Event: 59,937 Thread 0x00007f4298283800 Uncommon trap: reason=unstable_if action=reinterpret pc=0x00007f42867a200c method=java.lang.String.isLatin1()Z @ 10 c2
Event: 59,937 Thread 0x00007f4298283800 Uncommon trap: reason=unstable_if action=reinterpret pc=0x00007f428679e7f8 method=java.lang.String.isLatin1()Z @ 10 c2

Classes redefined (0 events):
No events

Internal exceptions (4 events):
Event: 59,897 Thread 0x00007f4298283800 Exception <a 'java/lang/NoSuchMethodError'{0x000000008c55f988}: method resolution failed> (0x000000008c55f988) thrown at [/build/openjdk-lts-_stSEe/openjdk-lts-10.0.2+13/src/hotspot/share/prims/methodHandles.cpp, line 1226]
Event: 59,901 Thread 0x00007f4298283800 Exception <a 'java/lang/NoSuchMethodError'{0x000000008c56bff8}: java.lang.invoke.DirectMethodHandle$Holder.invokeStatic(Ljava/lang/Object;Ljava/lang/Object;)I> (0x000000008c56bff8) thrown at [/build/openjdk-lts-_stSEe/openjdk-lts-10.0.2+13/src/hotspot/sha
Event: 59,904 Thread 0x00007f4298283800 Exception <a 'java/lang/NoSuchMethodError'{0x000000008c579448}: java.lang.Object.of([Ljava/lang/Object;)Ljava/util/stream/Stream;> (0x000000008c579448) thrown at [/build/openjdk-lts-_stSEe/openjdk-lts-10.0.2+13/src/hotspot/share/interpreter/linkResolver.c
Event: 59,929 Thread 0x00007f4298283800 Exception <a 'java/lang/NoSuchMethodError'{0x000000008c5d23e0}: java.lang.Object.lambda$union$2(Ljava/util/regex/Pattern$CharPredicate;I)Z> (0x000000008c5d23e0) thrown at [/build/openjdk-lts-_stSEe/openjdk-lts-10.0.2+13/src/hotspot/share/interpreter/linkR

Events (10 events):
Event: 1285,602 Executing VM operation: G1IncCollectionPause done
Event: 1285,749 Executing VM operation: G1IncCollectionPause
Event: 1285,753 Executing VM operation: G1IncCollectionPause done
Event: 1286,158 Executing VM operation: G1IncCollectionPause
Event: 1286,405 Executing VM operation: G1IncCollectionPause done
Event: 1286,738 Executing VM operation: G1IncCollectionPause
Event: 1286,975 Executing VM operation: G1IncCollectionPause done
Event: 1287,333 Executing VM operation: G1IncCollectionPause
Event: 1287,563 Executing VM operation: G1IncCollectionPause done
Event: 1287,873 Executing VM operation: G1IncCollectionPause


Dynamic libraries:
84e00000-95600000 rw-p 00000000 00:00 0 
b1300000-100000000 ---p 00000000 00:00 0 
100000000-1000e0000 rw-p 00000000 00:00 0 
1000e0000-140000000 ---p 00000000 00:00 0 
5651eaf87000-5651eaf88000 r-xp 00000000 103:09 1055667                   /usr/lib/jvm/java-11-openjdk-amd64/bin/java
5651eb188000-5651eb189000 r--p 00001000 103:09 1055667                   /usr/lib/jvm/java-11-openjdk-amd64/bin/java
5651eb189000-5651eb18a000 rw-p 00002000 103:09 1055667                   /usr/lib/jvm/java-11-openjdk-amd64/bin/java
5651eb2fd000-5651eb31e000 rw-p 00000000 00:00 0                          [heap]
7f4208000000-7f4208021000 rw-p 00000000 00:00 0 
7f4208021000-7f420c000000 ---p 00000000 00:00 0 
7f420c000000-7f420c021000 rw-p 00000000 00:00 0 
7f420c021000-7f4210000000 ---p 00000000 00:00 0 
7f4210000000-7f42100e6000 rw-p 00000000 00:00 0 
7f42100e6000-7f4214000000 ---p 00000000 00:00 0 
7f4214000000-7f4214021000 rw-p 00000000 00:00 0 
7f4214021000-7f4218000000 ---p 00000000 00:00 0 
7f4218000000-7f4218021000 rw-p 00000000 00:00 0 
7f4218021000-7f421c000000 ---p 00000000 00:00 0 
7f421c000000-7f421c021000 rw-p 00000000 00:00 0 
7f421c021000-7f4220000000 ---p 00000000 00:00 0 
7f4220000000-7f4220021000 rw-p 00000000 00:00 0 
7f4220021000-7f4224000000 ---p 00000000 00:00 0 
7f4224000000-7f4224021000 rw-p 00000000 00:00 0 
7f4224021000-7f4228000000 ---p 00000000 00:00 0 
7f4228000000-7f42282f3000 rw-p 00000000 00:00 0 
7f42282f3000-7f422c000000 ---p 00000000 00:00 0 
7f422c000000-7f422c021000 rw-p 00000000 00:00 0 
7f422c021000-7f4230000000 ---p 00000000 00:00 0 
7f4230000000-7f4230238000 rw-p 00000000 00:00 0 
7f4230238000-7f4234000000 ---p 00000000 00:00 0 
7f4234000000-7f42341f8000 rw-p 00000000 00:00 0 
7f42341f8000-7f4238000000 ---p 00000000 00:00 0 
7f4238000000-7f4238021000 rw-p 00000000 00:00 0 
7f4238021000-7f423c000000 ---p 00000000 00:00 0 
7f423c000000-7f423c021000 rw-p 00000000 00:00 0 
7f423c021000-7f4240000000 ---p 00000000 00:00 0 
7f4240000000-7f4240083000 rw-p 00000000 00:00 0 
7f4240083000-7f4244000000 ---p 00000000 00:00 0 
7f4244000000-7f4244021000 rw-p 00000000 00:00 0 
7f4244021000-7f4248000000 ---p 00000000 00:00 0 
7f4248000000-7f4248021000 rw-p 00000000 00:00 0 
7f4248021000-7f424c000000 ---p 00000000 00:00 0 
7f424c000000-7f424c021000 rw-p 00000000 00:00 0 
7f424c021000-7f4250000000 ---p 00000000 00:00 0 
7f4250000000-7f4250021000 rw-p 00000000 00:00 0 
7f4250021000-7f4254000000 ---p 00000000 00:00 0 
7f4254000000-7f4254021000 rw-p 00000000 00:00 0 
7f4254021000-7f4258000000 ---p 00000000 00:00 0 
7f4258000000-7f4258021000 rw-p 00000000 00:00 0 
7f4258021000-7f425c000000 ---p 00000000 00:00 0 
7f425c000000-7f425c021000 rw-p 00000000 00:00 0 
7f425c021000-7f4260000000 ---p 00000000 00:00 0 
7f42604f9000-7f42604fd000 ---p 00000000 00:00 0 
7f42604fd000-7f42605fa000 rw-p 00000000 00:00 0 
7f42605fa000-7f42605fe000 ---p 00000000 00:00 0 
7f42605fe000-7f42606fb000 rw-p 00000000 00:00 0 
7f42606fb000-7f42606ff000 ---p 00000000 00:00 0 
7f42606ff000-7f42607fc000 rw-p 00000000 00:00 0 
7f42607fc000-7f4260800000 ---p 00000000 00:00 0 
7f4260800000-7f42608fd000 rw-p 00000000 00:00 0 
7f42608fd000-7f42608fe000 r-xp 00000000 103:09 1061411                   /usr/lib/jvm/java-11-openjdk-amd64/lib/libextnet.so
7f42608fe000-7f4260afd000 ---p 00001000 103:09 1061411                   /usr/lib/jvm/java-11-openjdk-amd64/lib/libextnet.so
7f4260afd000-7f4260afe000 r--p 00000000 103:09 1061411                   /usr/lib/jvm/java-11-openjdk-amd64/lib/libextnet.so
7f4260afe000-7f4260aff000 rw-p 00001000 103:09 1061411                   /usr/lib/jvm/java-11-openjdk-amd64/lib/libextnet.so
7f4260aff000-7f4260b00000 ---p 00000000 00:00 0 
7f4260b00000-7f4260c01000 rw-p 00000000 00:00 0 
7f4260c01000-7f4260c05000 ---p 00000000 00:00 0 
7f4260c05000-7f4260d02000 rw-p 00000000 00:00 0 
7f4260d02000-7f4260d06000 ---p 00000000 00:00 0 
7f4260d06000-7f4260e03000 rw-p 00000000 00:00 0 
7f4260e03000-7f4260e1a000 r-xp 00000000 103:09 1061430                   /usr/lib/jvm/java-11-openjdk-amd64/lib/libnet.so
7f4260e1a000-7f4261019000 ---p 00017000 103:09 1061430                   /usr/lib/jvm/java-11-openjdk-amd64/lib/libnet.so
7f4261019000-7f426101a000 r--p 00016000 103:09 1061430                   /usr/lib/jvm/java-11-openjdk-amd64/lib/libnet.so
7f426101a000-7f426101b000 rw-p 00017000 103:09 1061430                   /usr/lib/jvm/java-11-openjdk-amd64/lib/libnet.so
7f426101b000-7f426102c000 r-xp 00000000 103:09 1061431                   /usr/lib/jvm/java-11-openjdk-amd64/lib/libnio.so
7f426102c000-7f426122b000 ---p 00011000 103:09 1061431                   /usr/lib/jvm/java-11-openjdk-amd64/lib/libnio.so
7f426122b000-7f426122c000 r--p 00010000 103:09 1061431                   /usr/lib/jvm/java-11-openjdk-amd64/lib/libnio.so
7f426122c000-7f426122d000 rw-p 00011000 103:09 1061431                   /usr/lib/jvm/java-11-openjdk-amd64/lib/libnio.so
7f426122d000-7f4261231000 ---p 00000000 00:00 0 
7f4261231000-7f426132e000 rw-p 00000000 00:00 0 
7f426132e000-7f4261332000 ---p 00000000 00:00 0 
7f4261332000-7f426142f000 rw-p 00000000 00:00 0 
7f426142f000-7f4261433000 ---p 00000000 00:00 0 
7f4261433000-7f4261530000 rw-p 00000000 00:00 0 
7f4261530000-7f4261534000 ---p 00000000 00:00 0 
7f4261534000-7f4261631000 rw-p 00000000 00:00 0 
7f4261631000-7f4262000000 r--p 00000000 103:09 660473                    /usr/lib/locale/locale-archive
7f4262000000-7f4264000000 rw-p 00000000 00:00 0 
7f4264000000-7f4264021000 rw-p 00000000 00:00 0 
7f4264021000-7f4268000000 ---p 00000000 00:00 0 
7f4268000000-7f4268021000 rw-p 00000000 00:00 0 
7f4268021000-7f426c000000 ---p 00000000 00:00 0 
7f426c06e000-7f426c072000 ---p 00000000 00:00 0 
7f426c072000-7f426c16f000 rw-p 00000000 00:00 0 
7f426c16f000-7f426c173000 ---p 00000000 00:00 0 
7f426c173000-7f426c690000 rw-p 00000000 00:00 0 
7f426c690000-7f426e138000 ---p 00000000 00:00 0 
7f426e138000-7f426e558000 rw-p 00000000 00:00 0 
7f426e558000-7f4270000000 ---p 00000000 00:00 0 
7f4270000000-7f4270021000 rw-p 00000000 00:00 0 
7f4270021000-7f4274000000 ---p 00000000 00:00 0 
7f4274000000-7f4274021000 rw-p 00000000 00:00 0 
7f4274021000-7f4278000000 ---p 00000000 00:00 0 
7f4278000000-7f4278021000 rw-p 00000000 00:00 0 
7f4278021000-7f427c000000 ---p 00000000 00:00 0 
7f427c077000-7f427c07b000 ---p 00000000 00:00 0 
7f427c07b000-7f427c178000 rw-p 00000000 00:00 0 
7f427c178000-7f427c17c000 ---p 00000000 00:00 0 
7f427c17c000-7f427c279000 rw-p 00000000 00:00 0 
7f427c279000-7f427c27a000 ---p 00000000 00:00 0 
7f427c27a000-7f427cc4c000 rw-p 00000000 00:00 0 
7f427cc4c000-7f427cc4d000 ---p 00000000 00:00 0 
7f427cc4d000-7f427cd4e000 rw-p 00000000 00:00 0 
7f427cd4e000-7f427cd4f000 ---p 00000000 00:00 0 
7f427cd4f000-7f427ce50000 rw-p 00000000 00:00 0 
7f427ce50000-7f427ce51000 ---p 00000000 00:00 0 
7f427ce51000-7f427cf52000 rw-p 00000000 00:00 0 
7f427cf52000-7f427cf53000 ---p 00000000 00:00 0 
7f427cf53000-7f427d054000 rw-p 00000000 00:00 0 
7f427d054000-7f427d055000 ---p 00000000 00:00 0 
7f427d055000-7f427d55a000 rw-p 00000000 00:00 0 
7f427d55a000-7f427d55b000 ---p 00000000 00:00 0 
7f427d55b000-7f427d65c000 rw-p 00000000 00:00 0 
7f427d65c000-7f427d65d000 ---p 00000000 00:00 0 
7f427d65d000-7f427d7e2000 rw-p 00000000 00:00 0 
7f427d7e2000-7f427db37000 ---p 00000000 00:00 0 
7f427db37000-7f427dbbb000 rw-p 00000000 00:00 0 
7f427dbbb000-7f427df10000 ---p 00000000 00:00 0 
7f427df10000-7f427df94000 rw-p 00000000 00:00 0 
7f427df94000-7f427e2e9000 ---p 00000000 00:00 0 
7f427e2e9000-7f427e6ed000 rw-p 00000000 00:00 0 
7f427e6ed000-7f427e6ee000 ---p 00000000 00:00 0 
7f427e6ee000-7f427e7ef000 rw-p 00000000 00:00 0 
7f427e7ef000-7f427e7f0000 ---p 00000000 00:00 0 
7f427e7f0000-7f427e8f1000 rw-p 00000000 00:00 0 
7f427e8f1000-7f427e8f2000 ---p 00000000 00:00 0 
7f427e8f2000-7f427e9f3000 rw-p 00000000 00:00 0 
7f427e9f3000-7f427e9f4000 ---p 00000000 00:00 0 
7f427e9f4000-7f427eafa000 rw-p 00000000 00:00 0 
7f427eafa000-7f427ebe0000 ---p 00000000 00:00 0 
7f427ebe0000-7f427ebe5000 rw-p 00000000 00:00 0 
7f427ebe5000-7f427eccb000 ---p 00000000 00:00 0 
7f427eccb000-7f427ef3b000 rwxp 00000000 00:00 0 
7f427ef3b000-7f427f25b000 ---p 00000000 00:00 0 
7f427f25b000-7f427f4cb000 rwxp 00000000 00:00 0 
7f427f4cb000-7f4286793000 ---p 00000000 00:00 0 
7f4286793000-7f4286a03000 rwxp 00000000 00:00 0 
7f4286a03000-7f428dccb000 ---p 00000000 00:00 0 
7f428dccb000-7f42971a5000 r--s 00000000 103:09 1061440                   /usr/lib/jvm/java-11-openjdk-amd64/lib/modules
7f42971a5000-7f42971aa000 r-xp 00000000 103:09 1061422                   /usr/lib/jvm/java-11-openjdk-amd64/lib/libjimage.so
7f42971aa000-7f42973a9000 ---p 00005000 103:09 1061422                   /usr/lib/jvm/java-11-openjdk-amd64/lib/libjimage.so
7f42973a9000-7f42973aa000 r--p 00004000 103:09 1061422                   /usr/lib/jvm/java-11-openjdk-amd64/lib/libjimage.so
7f42973aa000-7f42973ab000 rw-p 00005000 103:09 1061422                   /usr/lib/jvm/java-11-openjdk-amd64/lib/libjimage.so
7f42973ab000-7f42973b2000 r-xp 00000000 103:09 1061439                   /usr/lib/jvm/java-11-openjdk-amd64/lib/libzip.so
7f42973b2000-7f42975b1000 ---p 00007000 103:09 1061439                   /usr/lib/jvm/java-11-openjdk-amd64/lib/libzip.so
7f42975b1000-7f42975b2000 r--p 00006000 103:09 1061439                   /usr/lib/jvm/java-11-openjdk-amd64/lib/libzip.so
7f42975b2000-7f42975b3000 rw-p 00007000 103:09 1061439                   /usr/lib/jvm/java-11-openjdk-amd64/lib/libzip.so
7f42975b3000-7f42975be000 r-xp 00000000 103:09 1313623                   /lib/x86_64-linux-gnu/libnss_files-2.27.so
7f42975be000-7f42977bd000 ---p 0000b000 103:09 1313623                   /lib/x86_64-linux-gnu/libnss_files-2.27.so
7f42977bd000-7f42977be000 r--p 0000a000 103:09 1313623                   /lib/x86_64-linux-gnu/libnss_files-2.27.so
7f42977be000-7f42977bf000 rw-p 0000b000 103:09 1313623                   /lib/x86_64-linux-gnu/libnss_files-2.27.so
7f42977bf000-7f42977c5000 rw-p 00000000 00:00 0 
7f42977c5000-7f42977dc000 r-xp 00000000 103:09 1313617                   /lib/x86_64-linux-gnu/libnsl-2.27.so
7f42977dc000-7f42979db000 ---p 00017000 103:09 1313617                   /lib/x86_64-linux-gnu/libnsl-2.27.so
7f42979db000-7f42979dc000 r--p 00016000 103:09 1313617                   /lib/x86_64-linux-gnu/libnsl-2.27.so
7f42979dc000-7f42979dd000 rw-p 00017000 103:09 1313617                   /lib/x86_64-linux-gnu/libnsl-2.27.so
7f42979dd000-7f42979df000 rw-p 00000000 00:00 0 
7f42979df000-7f42979ea000 r-xp 00000000 103:09 1313634                   /lib/x86_64-linux-gnu/libnss_nis-2.27.so
7f42979ea000-7f4297be9000 ---p 0000b000 103:09 1313634                   /lib/x86_64-linux-gnu/libnss_nis-2.27.so
7f4297be9000-7f4297bea000 r--p 0000a000 103:09 1313634                   /lib/x86_64-linux-gnu/libnss_nis-2.27.so
7f4297bea000-7f4297beb000 rw-p 0000b000 103:09 1313634                   /lib/x86_64-linux-gnu/libnss_nis-2.27.so
7f4297beb000-7f4297bf3000 r-xp 00000000 103:09 1313619                   /lib/x86_64-linux-gnu/libnss_compat-2.27.so
7f4297bf3000-7f4297df3000 ---p 00008000 103:09 1313619                   /lib/x86_64-linux-gnu/libnss_compat-2.27.so
7f4297df3000-7f4297df4000 r--p 00008000 103:09 1313619                   /lib/x86_64-linux-gnu/libnss_compat-2.27.so
7f4297df4000-7f4297df5000 rw-p 00009000 103:09 1313619                   /lib/x86_64-linux-gnu/libnss_compat-2.27.so
7f4297df5000-7f4297dff000 r-xp 00000000 103:09 1061413                   /usr/lib/jvm/java-11-openjdk-amd64/lib/libinstrument.so
7f4297dff000-7f4297ffe000 ---p 0000a000 103:09 1061413                   /usr/lib/jvm/java-11-openjdk-amd64/lib/libinstrument.so
7f4297ffe000-7f4297fff000 r--p 00009000 103:09 1061413                   /usr/lib/jvm/java-11-openjdk-amd64/lib/libinstrument.so
7f4297fff000-7f4298000000 rw-p 0000a000 103:09 1061413                   /usr/lib/jvm/java-11-openjdk-amd64/lib/libinstrument.so
7f4298000000-7f4298289000 rw-p 00000000 00:00 0 
7f4298289000-7f429c000000 ---p 00000000 00:00 0 
7f429c057000-7f429c083000 r-xp 00000000 103:09 1061418                   /usr/lib/jvm/java-11-openjdk-amd64/lib/libjava.so
7f429c083000-7f429c282000 ---p 0002c000 103:09 1061418                   /usr/lib/jvm/java-11-openjdk-amd64/lib/libjava.so
7f429c282000-7f429c283000 r--p 0002b000 103:09 1061418                   /usr/lib/jvm/java-11-openjdk-amd64/lib/libjava.so
7f429c283000-7f429c285000 rw-p 0002c000 103:09 1061418                   /usr/lib/jvm/java-11-openjdk-amd64/lib/libjava.so
7f429c285000-7f429c292000 r-xp 00000000 103:09 1061438                   /usr/lib/jvm/java-11-openjdk-amd64/lib/libverify.so
7f429c292000-7f429c491000 ---p 0000d000 103:09 1061438                   /usr/lib/jvm/java-11-openjdk-amd64/lib/libverify.so
7f429c491000-7f429c493000 r--p 0000c000 103:09 1061438                   /usr/lib/jvm/java-11-openjdk-amd64/lib/libverify.so
7f429c493000-7f429c494000 rw-p 0000e000 103:09 1061438                   /usr/lib/jvm/java-11-openjdk-amd64/lib/libverify.so
7f429c494000-7f429c49b000 r-xp 00000000 103:09 1313674                   /lib/x86_64-linux-gnu/librt-2.27.so
7f429c49b000-7f429c69a000 ---p 00007000 103:09 1313674                   /lib/x86_64-linux-gnu/librt-2.27.so
7f429c69a000-7f429c69b000 r--p 00006000 103:09 1313674                   /lib/x86_64-linux-gnu/librt-2.27.so
7f429c69b000-7f429c69c000 rw-p 00007000 103:09 1313674                   /lib/x86_64-linux-gnu/librt-2.27.so
7f429c69c000-7f429c6b3000 r-xp 00000000 103:09 1313570                   /lib/x86_64-linux-gnu/libgcc_s.so.1
7f429c6b3000-7f429c8b2000 ---p 00017000 103:09 1313570                   /lib/x86_64-linux-gnu/libgcc_s.so.1
7f429c8b2000-7f429c8b3000 r--p 00016000 103:09 1313570                   /lib/x86_64-linux-gnu/libgcc_s.so.1
7f429c8b3000-7f429c8b4000 rw-p 00017000 103:09 1313570                   /lib/x86_64-linux-gnu/libgcc_s.so.1
7f429c8b4000-7f429ca51000 r-xp 00000000 103:09 1313596                   /lib/x86_64-linux-gnu/libm-2.27.so
7f429ca51000-7f429cc50000 ---p 0019d000 103:09 1313596                   /lib/x86_64-linux-gnu/libm-2.27.so
7f429cc50000-7f429cc51000 r--p 0019c000 103:09 1313596                   /lib/x86_64-linux-gnu/libm-2.27.so
7f429cc51000-7f429cc52000 rw-p 0019d000 103:09 1313596                   /lib/x86_64-linux-gnu/libm-2.27.so
7f429cc52000-7f429cdd0000 r-xp 00000000 103:09 662969                    /usr/lib/x86_64-linux-gnu/libstdc++.so.6.0.25
7f429cdd0000-7f429cfd0000 ---p 0017e000 103:09 662969                    /usr/lib/x86_64-linux-gnu/libstdc++.so.6.0.25
7f429cfd0000-7f429cfda000 r--p 0017e000 103:09 662969                    /usr/lib/x86_64-linux-gnu/libstdc++.so.6.0.25
7f429cfda000-7f429cfdc000 rw-p 00188000 103:09 662969                    /usr/lib/x86_64-linux-gnu/libstdc++.so.6.0.25
7f429cfdc000-7f429cfe0000 rw-p 00000000 00:00 0 
7f429cfe0000-7f429df7d000 r-xp 00000000 103:09 1061445                   /usr/lib/jvm/java-11-openjdk-amd64/lib/server/libjvm.so
7f429df7d000-7f429e17d000 ---p 00f9d000 103:09 1061445                   /usr/lib/jvm/java-11-openjdk-amd64/lib/server/libjvm.so
7f429e17d000-7f429e241000 r--p 00f9d000 103:09 1061445                   /usr/lib/jvm/java-11-openjdk-amd64/lib/server/libjvm.so
7f429e241000-7f429e279000 rw-p 01061000 103:09 1061445                   /usr/lib/jvm/java-11-openjdk-amd64/lib/server/libjvm.so
7f429e279000-7f429e2c2000 rw-p 00000000 00:00 0 
7f429e2c2000-7f429e2dc000 r-xp 00000000 103:09 1313666                   /lib/x86_64-linux-gnu/libpthread-2.27.so
7f429e2dc000-7f429e4db000 ---p 0001a000 103:09 1313666                   /lib/x86_64-linux-gnu/libpthread-2.27.so
7f429e4db000-7f429e4dc000 r--p 00019000 103:09 1313666                   /lib/x86_64-linux-gnu/libpthread-2.27.so
7f429e4dc000-7f429e4dd000 rw-p 0001a000 103:09 1313666                   /lib/x86_64-linux-gnu/libpthread-2.27.so
7f429e4dd000-7f429e4e1000 rw-p 00000000 00:00 0 
7f429e4e1000-7f429e4e4000 r-xp 00000000 103:09 1313556                   /lib/x86_64-linux-gnu/libdl-2.27.so
7f429e4e4000-7f429e6e3000 ---p 00003000 103:09 1313556                   /lib/x86_64-linux-gnu/libdl-2.27.so
7f429e6e3000-7f429e6e4000 r--p 00002000 103:09 1313556                   /lib/x86_64-linux-gnu/libdl-2.27.so
7f429e6e4000-7f429e6e5000 rw-p 00003000 103:09 1313556                   /lib/x86_64-linux-gnu/libdl-2.27.so
7f429e6e5000-7f429e701000 r-xp 00000000 103:09 1313705                   /lib/x86_64-linux-gnu/libz.so.1.2.11
7f429e701000-7f429e900000 ---p 0001c000 103:09 1313705                   /lib/x86_64-linux-gnu/libz.so.1.2.11
7f429e900000-7f429e901000 r--p 0001b000 103:09 1313705                   /lib/x86_64-linux-gnu/libz.so.1.2.11
7f429e901000-7f429e902000 rw-p 0001c000 103:09 1313705                   /lib/x86_64-linux-gnu/libz.so.1.2.11
7f429e902000-7f429eae9000 r-xp 00000000 103:09 1313533                   /lib/x86_64-linux-gnu/libc-2.27.so
7f429eae9000-7f429ece9000 ---p 001e7000 103:09 1313533                   /lib/x86_64-linux-gnu/libc-2.27.so
7f429ece9000-7f429eced000 r--p 001e7000 103:09 1313533                   /lib/x86_64-linux-gnu/libc-2.27.so
7f429eced000-7f429ecef000 rw-p 001eb000 103:09 1313533                   /lib/x86_64-linux-gnu/libc-2.27.so
7f429ecef000-7f429ecf3000 rw-p 00000000 00:00 0 
7f429ecf3000-7f429ed02000 r-xp 00000000 103:09 1061403                   /usr/lib/jvm/java-11-openjdk-amd64/lib/jli/libjli.so
7f429ed02000-7f429ef01000 ---p 0000f000 103:09 1061403                   /usr/lib/jvm/java-11-openjdk-amd64/lib/jli/libjli.so
7f429ef01000-7f429ef02000 r--p 0000e000 103:09 1061403                   /usr/lib/jvm/java-11-openjdk-amd64/lib/jli/libjli.so
7f429ef02000-7f429ef03000 rw-p 0000f000 103:09 1061403                   /usr/lib/jvm/java-11-openjdk-amd64/lib/jli/libjli.so
7f429ef03000-7f429ef2a000 r-xp 00000000 103:09 1313505                   /lib/x86_64-linux-gnu/ld-2.27.so
7f429ef4c000-7f429f00a000 rw-p 00000000 00:00 0 
7f429f00a000-7f429f00e000 ---p 00000000 00:00 0 
7f429f00e000-7f429f10d000 rw-p 00000000 00:00 0 
7f429f111000-7f429f117000 rw-p 00000000 00:00 0 
7f429f117000-7f429f11e000 ---p 00000000 00:00 0 
7f429f11e000-7f429f126000 rw-s 00000000 00:31 68                         /tmp/hsperfdata_alex/17346
7f429f126000-7f429f127000 ---p 00000000 00:00 0 
7f429f127000-7f429f128000 r--p 00000000 00:00 0 
7f429f128000-7f429f12a000 rw-p 00000000 00:00 0 
7f429f12a000-7f429f12b000 r--p 00027000 103:09 1313505                   /lib/x86_64-linux-gnu/ld-2.27.so
7f429f12b000-7f429f12c000 rw-p 00028000 103:09 1313505                   /lib/x86_64-linux-gnu/ld-2.27.so
7f429f12c000-7f429f12d000 rw-p 00000000 00:00 0 
7fff72ddd000-7fff72dfe000 rw-p 00000000 00:00 0                          [stack]
7fff72e39000-7fff72e3c000 r--p 00000000 00:00 0                          [vvar]
7fff72e3c000-7fff72e3e000 r-xp 00000000 00:00 0                          [vdso]
ffffffffff600000-ffffffffff601000 r-xp 00000000 00:00 0                  [vsyscall]


VM Arguments:
jvm_args: -javaagent:/home/alex/Programs/idea-IU-182.4129.33/lib/idea_rt.jar=44759:/home/alex/Programs/idea-IU-182.4129.33/bin -Dfile.encoding=UTF-8 
java_command: men.brakh.Server
java_class_path (initial): /home/alex/Documents/Java_Projects/CoolChat/Server/target/classes:/home/alex/.m2/repository/men/brakh/Chat/1.0-SNAPSHOT/Chat-1.0-SNAPSHOT.jar:/home/alex/.m2/repository/com/google/code/gson/gson/2.8.5/gson-2.8.5.jar
Launcher Type: SUN_STANDARD

Logging:
Log output configuration:
#0: stdout all=warning uptime,level,tags
#1: stderr all=off uptime,level,tags

Environment Variables:
PATH=/usr/local/sbin:/usr/local/bin:/usr/sbin:/usr/bin:/sbin:/bin:/usr/games:/usr/local/games:/snap/bin
USERNAME=alex
SHELL=/bin/bash
DISPLAY=:0

Signal Handlers:
SIGSEGV: [libjvm.so+0xd28ad0], sa_mask[0]=11111111011111111101111111111110, sa_flags=SA_RESTART|SA_SIGINFO
SIGBUS: [libjvm.so+0xd28ad0], sa_mask[0]=11111111011111111101111111111110, sa_flags=SA_RESTART|SA_SIGINFO
SIGFPE: [libjvm.so+0xd28ad0], sa_mask[0]=11111111011111111101111111111110, sa_flags=SA_RESTART|SA_SIGINFO
SIGPIPE: [libjvm.so+0xb2a150], sa_mask[0]=11111111011111111101111111111110, sa_flags=SA_RESTART|SA_SIGINFO
SIGXFSZ: [libjvm.so+0xb2a150], sa_mask[0]=11111111011111111101111111111110, sa_flags=SA_RESTART|SA_SIGINFO
SIGILL: [libjvm.so+0xd28ad0], sa_mask[0]=11111111011111111101111111111110, sa_flags=SA_RESTART|SA_SIGINFO
SIGUSR2: [libjvm.so+0xb29f90], sa_mask[0]=00100000000000000000000000000000, sa_flags=SA_RESTART|SA_SIGINFO
SIGHUP: [libjvm.so+0xb2a0e0], sa_mask[0]=11111111011111111101111111111110, sa_flags=SA_RESTART|SA_SIGINFO
SIGINT: [libjvm.so+0xb2a0e0], sa_mask[0]=11111111011111111101111111111110, sa_flags=SA_RESTART|SA_SIGINFO
SIGTERM: [libjvm.so+0xb2a0e0], sa_mask[0]=11111111011111111101111111111110, sa_flags=SA_RESTART|SA_SIGINFO
SIGQUIT: [libjvm.so+0xb2a0e0], sa_mask[0]=11111111011111111101111111111110, sa_flags=SA_RESTART|SA_SIGINFO


---------------  S Y S T E M  ---------------

OS:DISTRIB_ID=Ubuntu
DISTRIB_RELEASE=18.04
DISTRIB_CODENAME=bionic
DISTRIB_DESCRIPTION="Ubuntu 18.04.1 LTS"
uname:Linux 4.15.0-33-generic #36-Ubuntu SMP Wed Aug 15 16:00:05 UTC 2018 x86_64
libc:glibc 2.27 NPTL 2.27 
rlimit: STACK 8192k, CORE 0k, NPROC 30999, NOFILE 1048576, AS infinity, DATA infinity, FSIZE infinity
load average:6,13 4,71 3,79

/proc/meminfo:
MemTotal:        8061120 kB
MemFree:          108192 kB
MemAvailable:       7556 kB
Buffers:             520 kB
Cached:          1240868 kB
SwapCached:        53892 kB
Active:          6596584 kB
Inactive:         919392 kB
Active(anon):    6587536 kB
Inactive(anon):   907196 kB
Active(file):       9048 kB
Inactive(file):    12196 kB
Unevictable:         820 kB
Mlocked:             820 kB
SwapTotal:       1952764 kB
SwapFree:              0 kB
Dirty:                84 kB
Writeback:             0 kB
AnonPages:       6222740 kB
Mapped:           480552 kB
Shmem:           1219732 kB
Slab:             168656 kB
SReclaimable:      59168 kB
SUnreclaim:       109488 kB
KernelStack:       26544 kB
PageTables:       115460 kB
NFS_Unstable:          0 kB
Bounce:                0 kB
WritebackTmp:          0 kB
CommitLimit:     5983324 kB
Committed_AS:   31435180 kB
VmallocTotal:   34359738367 kB
VmallocUsed:           0 kB
VmallocChunk:          0 kB
HardwareCorrupted:     0 kB
AnonHugePages:         0 kB
ShmemHugePages:        0 kB
ShmemPmdMapped:        0 kB
CmaTotal:              0 kB
CmaFree:               0 kB
HugePages_Total:       0
HugePages_Free:        0
HugePages_Rsvd:        0
HugePages_Surp:        0
Hugepagesize:       2048 kB
DirectMap4k:      674064 kB
DirectMap2M:     7608320 kB
DirectMap1G:           0 kB

container (cgroup) information:
container_type: cgroupv1
cpu_cpuset_cpus: 0-3
cpu_memory_nodes: 0
active_processor_count: 4
cpu_quota: -1
cpu_period: 100000
cpu_shares: -1
memory_limit_in_bytes: -1
memory_and_swap_limit_in_bytes: -2
memory_soft_limit_in_bytes: -1
memory_usage_in_bytes: 7698829312
memory_max_usage_in_bytes: 1129504768


CPU:total 4 (initial active 4) (2 cores per cpu, 2 threads per core) family 6 model 78 stepping 3, cmov, cx8, fxsr, mmx, sse, sse2, sse3, ssse3, sse4.1, sse4.2, popcnt, avx, avx2, aes, clmul, erms, 3dnowpref, lzcnt, ht, tsc, tscinvbit, bmi1, bmi2, adx, fma
CPU Model and flags from /proc/cpuinfo:
model name	: Intel(R) Core(TM) i5-6200U CPU @ 2.30GHz
flags		: fpu vme de pse tsc msr pae mce cx8 apic sep mtrr pge mca cmov pat pse36 clflush dts acpi mmx fxsr sse sse2 ss ht tm pbe syscall nx pdpe1gb rdtscp lm constant_tsc art arch_perfmon pebs bts rep_good nopl xtopology nonstop_tsc cpuid aperfmperf tsc_known_freq pni pclmulqdq dtes64 monitor ds_cpl vmx est tm2 ssse3 sdbg fma cx16 xtpr pdcm pcid sse4_1 sse4_2 x2apic movbe popcnt tsc_deadline_timer aes xsave avx f16c rdrand lahf_lm abm 3dnowprefetch cpuid_fault epb invpcid_single pti ibrs ibpb stibp tpr_shadow vnmi flexpriority ept vpid fsgsbase tsc_adjust bmi1 avx2 smep bmi2 erms invpcid mpx rdseed adx smap clflushopt intel_pt xsaveopt xsavec xgetbv1 xsaves dtherm ida arat pln pts hwp hwp_notify hwp_act_window hwp_epp

Memory: 4k page, physical 8061120k(107088k free), swap 1952764k(0k free)

vm_info: OpenJDK 64-Bit Server VM (10.0.2+13-Ubuntu-1ubuntu0.18.04.1) for linux-amd64 JRE (10.0.2+13-Ubuntu-1ubuntu0.18.04.1), built on Aug  3 2018 01:53:46 by "buildd" with gcc 7.3.0

END.
